This file contains any messages produced by compilers while
running configure, to aid debugging if configure makes a mistake.

It was created by darwin configure 2.22, which was
generated by GNU Autoconf 2.68.  Invocation command line was

  $ ./configure 

## --------- ##
## Platform. ##
## --------- ##

hostname = John-Stewmans-MacBook-Pro-2.local
uname -m = i386
uname -r = 10.8.0
uname -s = Darwin
uname -v = Darwin Kernel Version 10.8.0: Tue Jun  7 16:33:36 PDT 2011; root:xnu-1504.15.3~1/RELEASE_I386

/usr/bin/uname -p = i386
/bin/uname -X     = unknown

/bin/arch              = unknown
/usr/bin/arch -k       = unknown
/usr/convex/getsysinfo = unknown
/usr/bin/hostinfo      = Mach kernel version:
	 Darwin Kernel Version 10.8.0: Tue Jun  7 16:33:36 PDT 2011; root:xnu-1504.15.3~1/RELEASE_I386
Kernel configured for up to 4 processors.
2 processors are physically available.
4 processors are logically available.
Processor type: i486 (Intel 80486)
Processors active: 0 1 2 3
Primary memory available: 4.00 gigabytes
Default processor set: 71 tasks, 368 threads, 4 processors
Load average: 0.44, Mach factor: 3.55
/bin/machine           = unknown
/usr/bin/oslevel       = unknown
/bin/universe          = unknown

PATH: /Users/johnstewman/gtk/inst/bin
PATH: /usr/bin
PATH: /bin
PATH: /usr/sbin
PATH: /sbin
PATH: /usr/local/bin
PATH: /usr/local/git/bin
PATH: /usr/X11/bin
PATH: /Users/johnstewman/.local/bin
PATH: /Users/johnstewman/.local/bin


## ----------- ##
## Core tests. ##
## ----------- ##

configure:2273: checking for a BSD-compatible install
configure:2341: result: /Users/johnstewman/.local/bin/install-check
configure:2352: checking whether build environment is sane
configure:2402: result: yes
configure:2543: checking for a thread-safe mkdir -p
configure:2582: result: ./install-sh -c -d
configure:2595: checking for gawk
configure:2625: result: no
configure:2595: checking for mawk
configure:2625: result: no
configure:2595: checking for nawk
configure:2625: result: no
configure:2595: checking for awk
configure:2611: found /usr/bin/awk
configure:2622: result: awk
configure:2633: checking whether make sets $(MAKE)
configure:2655: result: yes
configure:2789: checking for gcc
configure:2816: result: /usr/bin/gcc-4.0
configure:3045: checking for C compiler version
configure:3054: /usr/bin/gcc-4.0 --version >&5
i686-apple-darwin10-gcc-4.0.1 (GCC) 4.0.1 (Apple Inc. build 5494)
Copyright (C) 2005 Free Software Foundation, Inc.
This is free software; see the source for copying conditions.  There is NO
warranty; not even for MERCHANTABILITY or FITNESS FOR A PARTICULAR PURPOSE.

configure:3065: $? = 0
configure:3054: /usr/bin/gcc-4.0 -v >&5
Using built-in specs.
Target: i686-apple-darwin10
Configured with: /var/tmp/gcc_40/gcc_40-5494~207/src/configure --disable-checking -enable-werror --prefix=/usr --mandir=/share/man --enable-languages=c,objc,c++,obj-c++ --program-transform-name=/^[cg][^.-]*$/s/$/-4.0/ --with-gxx-include-dir=/include/c++/4.0.0 --with-slibdir=/usr/lib --build=i686-apple-darwin10 --with-arch=apple --with-tune=generic --host=i686-apple-darwin10 --target=i686-apple-darwin10
Thread model: posix
gcc version 4.0.1 (Apple Inc. build 5494)
configure:3065: $? = 0
configure:3054: /usr/bin/gcc-4.0 -V >&5
gcc-4.0: argument to `-V' is missing
configure:3065: $? = 1
configure:3054: /usr/bin/gcc-4.0 -qversion >&5
i686-apple-darwin10-gcc-4.0.1: no input files
configure:3065: $? = 1
configure:3085: checking whether the C compiler works
configure:3107: /usr/bin/gcc-4.0 -arch i386 -I/Developer/SDKs/MacOSX10.4u.sdk/usr/include -isysroot /Developer/SDKs/MacOSX10.4u.sdk -mmacosx-version-min=10.4 -I/Users/johnstewman/gtk/inst/include -I/Developer/SDKs/MacOSX10.4u.sdk/usr/include -L/Users/johnstewman/gtk/inst/lib -L/Users/johnstewman/gtk/inst/lib -arch i386 -L/Developer/SDKs/MacOSX10.4u.sdk/usr/lib -isysroot /Developer/SDKs/MacOSX10.4u.sdk -mmacosx-version-min=10.4 -Wl,-headerpad_max_install_names conftest.c  >&5
configure:3111: $? = 0
configure:3159: result: yes
configure:3162: checking for C compiler default output file name
configure:3164: result: a.out
configure:3170: checking for suffix of executables
configure:3177: /usr/bin/gcc-4.0 -o conftest -arch i386 -I/Developer/SDKs/MacOSX10.4u.sdk/usr/include -isysroot /Developer/SDKs/MacOSX10.4u.sdk -mmacosx-version-min=10.4 -I/Users/johnstewman/gtk/inst/include -I/Developer/SDKs/MacOSX10.4u.sdk/usr/include -L/Users/johnstewman/gtk/inst/lib -L/Users/johnstewman/gtk/inst/lib -arch i386 -L/Developer/SDKs/MacOSX10.4u.sdk/usr/lib -isysroot /Developer/SDKs/MacOSX10.4u.sdk -mmacosx-version-min=10.4 -Wl,-headerpad_max_install_names conftest.c  >&5
configure:3181: $? = 0
configure:3203: result: 
configure:3225: checking whether we are cross compiling
configure:3233: /usr/bin/gcc-4.0 -o conftest -arch i386 -I/Developer/SDKs/MacOSX10.4u.sdk/usr/include -isysroot /Developer/SDKs/MacOSX10.4u.sdk -mmacosx-version-min=10.4 -I/Users/johnstewman/gtk/inst/include -I/Developer/SDKs/MacOSX10.4u.sdk/usr/include -L/Users/johnstewman/gtk/inst/lib -L/Users/johnstewman/gtk/inst/lib -arch i386 -L/Developer/SDKs/MacOSX10.4u.sdk/usr/lib -isysroot /Developer/SDKs/MacOSX10.4u.sdk -mmacosx-version-min=10.4 -Wl,-headerpad_max_install_names conftest.c  >&5
configure:3237: $? = 0
configure:3244: ./conftest
configure:3248: $? = 0
configure:3263: result: no
configure:3268: checking for suffix of object files
configure:3290: /usr/bin/gcc-4.0 -c -arch i386 -I/Developer/SDKs/MacOSX10.4u.sdk/usr/include -isysroot /Developer/SDKs/MacOSX10.4u.sdk -mmacosx-version-min=10.4 -I/Users/johnstewman/gtk/inst/include -I/Developer/SDKs/MacOSX10.4u.sdk/usr/include conftest.c >&5
configure:3294: $? = 0
configure:3315: result: o
configure:3319: checking whether we are using the GNU C compiler
configure:3338: /usr/bin/gcc-4.0 -c -arch i386 -I/Developer/SDKs/MacOSX10.4u.sdk/usr/include -isysroot /Developer/SDKs/MacOSX10.4u.sdk -mmacosx-version-min=10.4 -I/Users/johnstewman/gtk/inst/include -I/Developer/SDKs/MacOSX10.4u.sdk/usr/include conftest.c >&5
configure:3338: $? = 0
configure:3347: result: yes
configure:3356: checking whether /usr/bin/gcc-4.0 accepts -g
configure:3376: /usr/bin/gcc-4.0 -c -g -I/Users/johnstewman/gtk/inst/include -I/Developer/SDKs/MacOSX10.4u.sdk/usr/include conftest.c >&5
configure:3376: $? = 0
configure:3417: result: yes
configure:3434: checking for /usr/bin/gcc-4.0 option to accept ISO C89
configure:3498: /usr/bin/gcc-4.0  -c -arch i386 -I/Developer/SDKs/MacOSX10.4u.sdk/usr/include -isysroot /Developer/SDKs/MacOSX10.4u.sdk -mmacosx-version-min=10.4 -I/Users/johnstewman/gtk/inst/include -I/Developer/SDKs/MacOSX10.4u.sdk/usr/include conftest.c >&5
configure:3498: $? = 0
configure:3511: result: none needed
configure:3542: checking for style of include used by make
configure:3570: result: GNU
configure:3595: checking dependency style of /usr/bin/gcc-4.0
configure:3705: result: gcc3
configure:3724: checking for /usr/bin/gcc-4.0 option to accept ISO C99
configure:3873: /usr/bin/gcc-4.0  -c -arch i386 -I/Developer/SDKs/MacOSX10.4u.sdk/usr/include -isysroot /Developer/SDKs/MacOSX10.4u.sdk -mmacosx-version-min=10.4 -I/Users/johnstewman/gtk/inst/include -I/Developer/SDKs/MacOSX10.4u.sdk/usr/include conftest.c >&5
conftest.c:61: error: syntax error before 'text'
conftest.c: In function 'test_restrict':
conftest.c:66: error: 'for' loop initial declaration used outside C99 mode
conftest.c:66: error: 'text' undeclared (first use in this function)
conftest.c:66: error: (Each undeclared identifier is reported only once
conftest.c:66: error: for each function it appears in.)
conftest.c: In function 'main':
conftest.c:115: error: nested functions are disabled, use -fnested-functions to re-enable
conftest.c:115: error: syntax error before 'newvar'
conftest.c:125: error: 'for' loop initial declaration used outside C99 mode
conftest.c:141: error: 'newvar' undeclared (first use in this function)
configure:3873: $? = 1
configure: failed program was:
| /* confdefs.h */
| #define PACKAGE_NAME "darwin"
| #define PACKAGE_TARNAME "darwin"
| #define PACKAGE_VERSION "2.22"
| #define PACKAGE_STRING "darwin 2.22"
| #define PACKAGE_BUGREPORT "darwin@eckerd.edu"
| #define PACKAGE_URL ""
| #define PACKAGE "darwin"
| #define VERSION "2.22"
| /* end confdefs.h.  */
| #include <stdarg.h>
| #include <stdbool.h>
| #include <stdlib.h>
| #include <wchar.h>
| #include <stdio.h>
| 
| // Check varargs macros.  These examples are taken from C99 6.10.3.5.
| #define debug(...) fprintf (stderr, __VA_ARGS__)
| #define showlist(...) puts (#__VA_ARGS__)
| #define report(test,...) ((test) ? puts (#test) : printf (__VA_ARGS__))
| static void
| test_varargs_macros (void)
| {
|   int x = 1234;
|   int y = 5678;
|   debug ("Flag");
|   debug ("X = %d\n", x);
|   showlist (The first, second, and third items.);
|   report (x>y, "x is %d but y is %d", x, y);
| }
| 
| // Check long long types.
| #define BIG64 18446744073709551615ull
| #define BIG32 4294967295ul
| #define BIG_OK (BIG64 / BIG32 == 4294967297ull && BIG64 % BIG32 == 0)
| #if !BIG_OK
|   your preprocessor is broken;
| #endif
| #if BIG_OK
| #else
|   your preprocessor is broken;
| #endif
| static long long int bignum = -9223372036854775807LL;
| static unsigned long long int ubignum = BIG64;
| 
| struct incomplete_array
| {
|   int datasize;
|   double data[];
| };
| 
| struct named_init {
|   int number;
|   const wchar_t *name;
|   double average;
| };
| 
| typedef const char *ccp;
| 
| static inline int
| test_restrict (ccp restrict text)
| {
|   // See if C++-style comments work.
|   // Iterate through items via the restricted pointer.
|   // Also check for declarations in for loops.
|   for (unsigned int i = 0; *(text+i) != '\0'; ++i)
|     continue;
|   return 0;
| }
| 
| // Check varargs and va_copy.
| static void
| test_varargs (const char *format, ...)
| {
|   va_list args;
|   va_start (args, format);
|   va_list args_copy;
|   va_copy (args_copy, args);
| 
|   const char *str;
|   int number;
|   float fnumber;
| 
|   while (*format)
|     {
|       switch (*format++)
| 	{
| 	case 's': // string
| 	  str = va_arg (args_copy, const char *);
| 	  break;
| 	case 'd': // int
| 	  number = va_arg (args_copy, int);
| 	  break;
| 	case 'f': // float
| 	  fnumber = va_arg (args_copy, double);
| 	  break;
| 	default:
| 	  break;
| 	}
|     }
|   va_end (args_copy);
|   va_end (args);
| }
| 
| int
| main ()
| {
| 
|   // Check bool.
|   _Bool success = false;
| 
|   // Check restrict.
|   if (test_restrict ("String literal") == 0)
|     success = true;
|   char *restrict newvar = "Another string";
| 
|   // Check varargs.
|   test_varargs ("s, d' f .", "string", 65, 34.234);
|   test_varargs_macros ();
| 
|   // Check flexible array members.
|   struct incomplete_array *ia =
|     malloc (sizeof (struct incomplete_array) + (sizeof (double) * 10));
|   ia->datasize = 10;
|   for (int i = 0; i < ia->datasize; ++i)
|     ia->data[i] = i * 1.234;
| 
|   // Check named initializers.
|   struct named_init ni = {
|     .number = 34,
|     .name = L"Test wide string",
|     .average = 543.34343,
|   };
| 
|   ni.number = 58;
| 
|   int dynamic_array[ni.number];
|   dynamic_array[ni.number - 1] = 543;
| 
|   // work around unused variable warnings
|   return (!success || bignum == 0LL || ubignum == 0uLL || newvar[0] == 'x'
| 	  || dynamic_array[ni.number - 1] != 543);
| 
|   ;
|   return 0;
| }
configure:3873: /usr/bin/gcc-4.0 -std=gnu99 -c -arch i386 -I/Developer/SDKs/MacOSX10.4u.sdk/usr/include -isysroot /Developer/SDKs/MacOSX10.4u.sdk -mmacosx-version-min=10.4 -I/Users/johnstewman/gtk/inst/include -I/Developer/SDKs/MacOSX10.4u.sdk/usr/include conftest.c >&5
configure:3873: $? = 0
configure:3893: result: -std=gnu99
configure:3995: checking for /usr/bin/gcc-4.0 -std=gnu99 option to accept ISO Standard C
configure:4009: result: -std=gnu99
configure:4125: checking for C++ compiler version
configure:4134: /usr/bin/g++-4.0 --version >&5
i686-apple-darwin10-g++-4.0.1 (GCC) 4.0.1 (Apple Inc. build 5494)
Copyright (C) 2005 Free Software Foundation, Inc.
This is free software; see the source for copying conditions.  There is NO
warranty; not even for MERCHANTABILITY or FITNESS FOR A PARTICULAR PURPOSE.

configure:4145: $? = 0
configure:4134: /usr/bin/g++-4.0 -v >&5
Using built-in specs.
Target: i686-apple-darwin10
Configured with: /var/tmp/gcc_40/gcc_40-5494~207/src/configure --disable-checking -enable-werror --prefix=/usr --mandir=/share/man --enable-languages=c,objc,c++,obj-c++ --program-transform-name=/^[cg][^.-]*$/s/$/-4.0/ --with-gxx-include-dir=/include/c++/4.0.0 --with-slibdir=/usr/lib --build=i686-apple-darwin10 --with-arch=apple --with-tune=generic --host=i686-apple-darwin10 --target=i686-apple-darwin10
Thread model: posix
gcc version 4.0.1 (Apple Inc. build 5494)
configure:4145: $? = 0
configure:4134: /usr/bin/g++-4.0 -V >&5
g++-4.0: argument to `-V' is missing
configure:4145: $? = 1
configure:4134: /usr/bin/g++-4.0 -qversion >&5
i686-apple-darwin10-g++-4.0.1: no input files
configure:4145: $? = 1
configure:4149: checking whether we are using the GNU C++ compiler
configure:4168: /usr/bin/g++-4.0 -c -arch i386 -I/Developer/SDKs/MacOSX10.4u.sdk/usr/include -isysroot /Developer/SDKs/MacOSX10.4u.sdk -mmacosx-version-min=10.4 -I/Users/johnstewman/gtk/inst/include -I/Developer/SDKs/MacOSX10.4u.sdk/usr/include conftest.cpp >&5
configure:4168: $? = 0
configure:4177: result: yes
configure:4186: checking whether /usr/bin/g++-4.0 accepts -g
configure:4206: /usr/bin/g++-4.0 -c -g -I/Users/johnstewman/gtk/inst/include -I/Developer/SDKs/MacOSX10.4u.sdk/usr/include conftest.cpp >&5
configure:4206: $? = 0
configure:4247: result: yes
configure:4272: checking dependency style of /usr/bin/g++-4.0
configure:4382: result: gcc3
configure:4441: checking for ranlib
configure:4457: found /usr/bin/ranlib
configure:4468: result: ranlib
configure:4497: checking for AboutDialog::AboutDialog in -lInterface
configure:4522: /usr/bin/gcc-4.0 -std=gnu99 -o conftest -arch i386 -I/Developer/SDKs/MacOSX10.4u.sdk/usr/include -isysroot /Developer/SDKs/MacOSX10.4u.sdk -mmacosx-version-min=10.4 -I/Users/johnstewman/gtk/inst/include -I/Developer/SDKs/MacOSX10.4u.sdk/usr/include -L/Users/johnstewman/gtk/inst/lib -L/Users/johnstewman/gtk/inst/lib -arch i386 -L/Developer/SDKs/MacOSX10.4u.sdk/usr/lib -isysroot /Developer/SDKs/MacOSX10.4u.sdk -mmacosx-version-min=10.4 -Wl,-headerpad_max_install_names conftest.c -lInterface   >&5
conftest.c:18: error: syntax error before ':' token
conftest.c: In function 'main':
conftest.c:22: error: 'AboutDialog' undeclared (first use in this function)
conftest.c:22: error: (Each undeclared identifier is reported only once
conftest.c:22: error: for each function it appears in.)
conftest.c:22: error: syntax error before ':' token
configure:4522: $? = 1
configure: failed program was:
| /* confdefs.h */
| #define PACKAGE_NAME "darwin"
| #define PACKAGE_TARNAME "darwin"
| #define PACKAGE_VERSION "2.22"
| #define PACKAGE_STRING "darwin 2.22"
| #define PACKAGE_BUGREPORT "darwin@eckerd.edu"
| #define PACKAGE_URL ""
| #define PACKAGE "darwin"
| #define VERSION "2.22"
| /* end confdefs.h.  */
| 
| /* Override any GCC internal prototype to avoid an error.
|    Use char because int might match the return type of a GCC
|    builtin and then its argument prototype would still apply.  */
| #ifdef __cplusplus
| extern "C"
| #endif
| char AboutDialog::AboutDialog ();
| int
| main ()
| {
| return AboutDialog::AboutDialog ();
|   ;
|   return 0;
| }
configure:4531: result: no
configure:4542: checking for Match::Match in -lMatching
configure:4567: /usr/bin/gcc-4.0 -std=gnu99 -o conftest -arch i386 -I/Developer/SDKs/MacOSX10.4u.sdk/usr/include -isysroot /Developer/SDKs/MacOSX10.4u.sdk -mmacosx-version-min=10.4 -I/Users/johnstewman/gtk/inst/include -I/Developer/SDKs/MacOSX10.4u.sdk/usr/include -L/Users/johnstewman/gtk/inst/lib -L/Users/johnstewman/gtk/inst/lib -arch i386 -L/Developer/SDKs/MacOSX10.4u.sdk/usr/lib -isysroot /Developer/SDKs/MacOSX10.4u.sdk -mmacosx-version-min=10.4 -Wl,-headerpad_max_install_names conftest.c -lMatching   >&5
conftest.c:18: error: syntax error before ':' token
conftest.c: In function 'main':
conftest.c:22: error: 'Match' undeclared (first use in this function)
conftest.c:22: error: (Each undeclared identifier is reported only once
conftest.c:22: error: for each function it appears in.)
conftest.c:22: error: syntax error before ':' token
configure:4567: $? = 1
configure: failed program was:
| /* confdefs.h */
| #define PACKAGE_NAME "darwin"
| #define PACKAGE_TARNAME "darwin"
| #define PACKAGE_VERSION "2.22"
| #define PACKAGE_STRING "darwin 2.22"
| #define PACKAGE_BUGREPORT "darwin@eckerd.edu"
| #define PACKAGE_URL ""
| #define PACKAGE "darwin"
| #define VERSION "2.22"
| /* end confdefs.h.  */
| 
| /* Override any GCC internal prototype to avoid an error.
|    Use char because int might match the return type of a GCC
|    builtin and then its argument prototype would still apply.  */
| #ifdef __cplusplus
| extern "C"
| #endif
| char Match::Match ();
| int
| main ()
| {
| return Match::Match ();
|   ;
|   return 0;
| }
configure:4576: result: no
configure:4587: checking for WL_SetErrorMsg in -lWLC
configure:4612: /usr/bin/gcc-4.0 -std=gnu99 -o conftest -arch i386 -I/Developer/SDKs/MacOSX10.4u.sdk/usr/include -isysroot /Developer/SDKs/MacOSX10.4u.sdk -mmacosx-version-min=10.4 -I/Users/johnstewman/gtk/inst/include -I/Developer/SDKs/MacOSX10.4u.sdk/usr/include -L/Users/johnstewman/gtk/inst/lib -L/Users/johnstewman/gtk/inst/lib -arch i386 -L/Developer/SDKs/MacOSX10.4u.sdk/usr/lib -isysroot /Developer/SDKs/MacOSX10.4u.sdk -mmacosx-version-min=10.4 -Wl,-headerpad_max_install_names conftest.c -lWLC   >&5
ld: library not found for -lWLC
collect2: ld returned 1 exit status
configure:4612: $? = 1
configure: failed program was:
| /* confdefs.h */
| #define PACKAGE_NAME "darwin"
| #define PACKAGE_TARNAME "darwin"
| #define PACKAGE_VERSION "2.22"
| #define PACKAGE_STRING "darwin 2.22"
| #define PACKAGE_BUGREPORT "darwin@eckerd.edu"
| #define PACKAGE_URL ""
| #define PACKAGE "darwin"
| #define VERSION "2.22"
| /* end confdefs.h.  */
| 
| /* Override any GCC internal prototype to avoid an error.
|    Use char because int might match the return type of a GCC
|    builtin and then its argument prototype would still apply.  */
| #ifdef __cplusplus
| extern "C"
| #endif
| char WL_SetErrorMsg ();
| int
| main ()
| {
| return WL_SetErrorMsg ();
|   ;
|   return 0;
| }
configure:4621: result: no
configure:4632: checking for PngLoadImage in -lPNGsupport
configure:4657: /usr/bin/gcc-4.0 -std=gnu99 -o conftest -arch i386 -I/Developer/SDKs/MacOSX10.4u.sdk/usr/include -isysroot /Developer/SDKs/MacOSX10.4u.sdk -mmacosx-version-min=10.4 -I/Users/johnstewman/gtk/inst/include -I/Developer/SDKs/MacOSX10.4u.sdk/usr/include -L/Users/johnstewman/gtk/inst/lib -L/Users/johnstewman/gtk/inst/lib -arch i386 -L/Developer/SDKs/MacOSX10.4u.sdk/usr/lib -isysroot /Developer/SDKs/MacOSX10.4u.sdk -mmacosx-version-min=10.4 -Wl,-headerpad_max_install_names conftest.c -lPNGsupport   >&5
ld: library not found for -lPNGsupport
collect2: ld returned 1 exit status
configure:4657: $? = 1
configure: failed program was:
| /* confdefs.h */
| #define PACKAGE_NAME "darwin"
| #define PACKAGE_TARNAME "darwin"
| #define PACKAGE_VERSION "2.22"
| #define PACKAGE_STRING "darwin 2.22"
| #define PACKAGE_BUGREPORT "darwin@eckerd.edu"
| #define PACKAGE_URL ""
| #define PACKAGE "darwin"
| #define VERSION "2.22"
| /* end confdefs.h.  */
| 
| /* Override any GCC internal prototype to avoid an error.
|    Use char because int might match the return type of a GCC
|    builtin and then its argument prototype would still apply.  */
| #ifdef __cplusplus
| extern "C"
| #endif
| char PngLoadImage ();
| int
| main ()
| {
| return PngLoadImage ();
|   ;
|   return 0;
| }
configure:4666: result: no
configure:4677: checking for convColorToPixmapString in -limage_processing
configure:4702: /usr/bin/gcc-4.0 -std=gnu99 -o conftest -arch i386 -I/Developer/SDKs/MacOSX10.4u.sdk/usr/include -isysroot /Developer/SDKs/MacOSX10.4u.sdk -mmacosx-version-min=10.4 -I/Users/johnstewman/gtk/inst/include -I/Developer/SDKs/MacOSX10.4u.sdk/usr/include -L/Users/johnstewman/gtk/inst/lib -L/Users/johnstewman/gtk/inst/lib -arch i386 -L/Developer/SDKs/MacOSX10.4u.sdk/usr/lib -isysroot /Developer/SDKs/MacOSX10.4u.sdk -mmacosx-version-min=10.4 -Wl,-headerpad_max_install_names conftest.c -limage_processing   >&5
ld: library not found for -limage_processing
collect2: ld returned 1 exit status
configure:4702: $? = 1
configure: failed program was:
| /* confdefs.h */
| #define PACKAGE_NAME "darwin"
| #define PACKAGE_TARNAME "darwin"
| #define PACKAGE_VERSION "2.22"
| #define PACKAGE_STRING "darwin 2.22"
| #define PACKAGE_BUGREPORT "darwin@eckerd.edu"
| #define PACKAGE_URL ""
| #define PACKAGE "darwin"
| #define VERSION "2.22"
| /* end confdefs.h.  */
| 
| /* Override any GCC internal prototype to avoid an error.
|    Use char because int might match the return type of a GCC
|    builtin and then its argument prototype would still apply.  */
| #ifdef __cplusplus
| extern "C"
| #endif
| char convColorToPixmapString ();
| int
| main ()
| {
| return convColorToPixmapString ();
|   ;
|   return 0;
| }
configure:4711: result: no
configure:4722: checking for gaussj in -lmath
configure:4747: /usr/bin/gcc-4.0 -std=gnu99 -o conftest -arch i386 -I/Developer/SDKs/MacOSX10.4u.sdk/usr/include -isysroot /Developer/SDKs/MacOSX10.4u.sdk -mmacosx-version-min=10.4 -I/Users/johnstewman/gtk/inst/include -I/Developer/SDKs/MacOSX10.4u.sdk/usr/include -L/Users/johnstewman/gtk/inst/lib -L/Users/johnstewman/gtk/inst/lib -arch i386 -L/Developer/SDKs/MacOSX10.4u.sdk/usr/lib -isysroot /Developer/SDKs/MacOSX10.4u.sdk -mmacosx-version-min=10.4 -Wl,-headerpad_max_install_names conftest.c -lmath   >&5
ld: library not found for -lmath
collect2: ld returned 1 exit status
configure:4747: $? = 1
configure: failed program was:
| /* confdefs.h */
| #define PACKAGE_NAME "darwin"
| #define PACKAGE_TARNAME "darwin"
| #define PACKAGE_VERSION "2.22"
| #define PACKAGE_STRING "darwin 2.22"
| #define PACKAGE_BUGREPORT "darwin@eckerd.edu"
| #define PACKAGE_URL ""
| #define PACKAGE "darwin"
| #define VERSION "2.22"
| /* end confdefs.h.  */
| 
| /* Override any GCC internal prototype to avoid an error.
|    Use char because int might match the return type of a GCC
|    builtin and then its argument prototype would still apply.  */
| #ifdef __cplusplus
| extern "C"
| #endif
| char gaussj ();
| int
| main ()
| {
| return gaussj ();
|   ;
|   return 0;
| }
configure:4756: result: no
configure:4774: checking how to run the C preprocessor
configure:4805: /usr/bin/gcc-4.0 -std=gnu99 -E -I/Users/johnstewman/gtk/inst/include -I/Developer/SDKs/MacOSX10.4u.sdk/usr/include conftest.c
configure:4805: $? = 0
configure:4819: /usr/bin/gcc-4.0 -std=gnu99 -E -I/Users/johnstewman/gtk/inst/include -I/Developer/SDKs/MacOSX10.4u.sdk/usr/include conftest.c
conftest.c:11:28: error: ac_nonexistent.h: No such file or directory
configure:4819: $? = 1
configure: failed program was:
| /* confdefs.h */
| #define PACKAGE_NAME "darwin"
| #define PACKAGE_TARNAME "darwin"
| #define PACKAGE_VERSION "2.22"
| #define PACKAGE_STRING "darwin 2.22"
| #define PACKAGE_BUGREPORT "darwin@eckerd.edu"
| #define PACKAGE_URL ""
| #define PACKAGE "darwin"
| #define VERSION "2.22"
| /* end confdefs.h.  */
| #include <ac_nonexistent.h>
configure:4844: result: /usr/bin/gcc-4.0 -std=gnu99 -E
configure:4864: /usr/bin/gcc-4.0 -std=gnu99 -E -I/Users/johnstewman/gtk/inst/include -I/Developer/SDKs/MacOSX10.4u.sdk/usr/include conftest.c
configure:4864: $? = 0
configure:4878: /usr/bin/gcc-4.0 -std=gnu99 -E -I/Users/johnstewman/gtk/inst/include -I/Developer/SDKs/MacOSX10.4u.sdk/usr/include conftest.c
conftest.c:11:28: error: ac_nonexistent.h: No such file or directory
configure:4878: $? = 1
configure: failed program was:
| /* confdefs.h */
| #define PACKAGE_NAME "darwin"
| #define PACKAGE_TARNAME "darwin"
| #define PACKAGE_VERSION "2.22"
| #define PACKAGE_STRING "darwin 2.22"
| #define PACKAGE_BUGREPORT "darwin@eckerd.edu"
| #define PACKAGE_URL ""
| #define PACKAGE "darwin"
| #define VERSION "2.22"
| /* end confdefs.h.  */
| #include <ac_nonexistent.h>
configure:4907: checking for grep that handles long lines and -e
configure:4965: result: /usr/bin/grep
configure:4970: checking for egrep
configure:5032: result: /usr/bin/grep -E
configure:5037: checking for ANSI C header files
configure:5057: /usr/bin/gcc-4.0 -std=gnu99 -c -arch i386 -I/Developer/SDKs/MacOSX10.4u.sdk/usr/include -isysroot /Developer/SDKs/MacOSX10.4u.sdk -mmacosx-version-min=10.4 -I/Users/johnstewman/gtk/inst/include -I/Developer/SDKs/MacOSX10.4u.sdk/usr/include conftest.c >&5
configure:5057: $? = 0
configure:5130: /usr/bin/gcc-4.0 -std=gnu99 -o conftest -arch i386 -I/Developer/SDKs/MacOSX10.4u.sdk/usr/include -isysroot /Developer/SDKs/MacOSX10.4u.sdk -mmacosx-version-min=10.4 -I/Users/johnstewman/gtk/inst/include -I/Developer/SDKs/MacOSX10.4u.sdk/usr/include -L/Users/johnstewman/gtk/inst/lib -L/Users/johnstewman/gtk/inst/lib -arch i386 -L/Developer/SDKs/MacOSX10.4u.sdk/usr/lib -isysroot /Developer/SDKs/MacOSX10.4u.sdk -mmacosx-version-min=10.4 -Wl,-headerpad_max_install_names conftest.c  >&5
configure:5130: $? = 0
configure:5130: ./conftest
configure:5130: $? = 0
configure:5141: result: yes
configure:5154: checking for sys/types.h
configure:5154: /usr/bin/gcc-4.0 -std=gnu99 -c -arch i386 -I/Developer/SDKs/MacOSX10.4u.sdk/usr/include -isysroot /Developer/SDKs/MacOSX10.4u.sdk -mmacosx-version-min=10.4 -I/Users/johnstewman/gtk/inst/include -I/Developer/SDKs/MacOSX10.4u.sdk/usr/include conftest.c >&5
configure:5154: $? = 0
configure:5154: result: yes
configure:5154: checking for sys/stat.h
configure:5154: /usr/bin/gcc-4.0 -std=gnu99 -c -arch i386 -I/Developer/SDKs/MacOSX10.4u.sdk/usr/include -isysroot /Developer/SDKs/MacOSX10.4u.sdk -mmacosx-version-min=10.4 -I/Users/johnstewman/gtk/inst/include -I/Developer/SDKs/MacOSX10.4u.sdk/usr/include conftest.c >&5
configure:5154: $? = 0
configure:5154: result: yes
configure:5154: checking for stdlib.h
configure:5154: /usr/bin/gcc-4.0 -std=gnu99 -c -arch i386 -I/Developer/SDKs/MacOSX10.4u.sdk/usr/include -isysroot /Developer/SDKs/MacOSX10.4u.sdk -mmacosx-version-min=10.4 -I/Users/johnstewman/gtk/inst/include -I/Developer/SDKs/MacOSX10.4u.sdk/usr/include conftest.c >&5
configure:5154: $? = 0
configure:5154: result: yes
configure:5154: checking for string.h
configure:5154: /usr/bin/gcc-4.0 -std=gnu99 -c -arch i386 -I/Developer/SDKs/MacOSX10.4u.sdk/usr/include -isysroot /Developer/SDKs/MacOSX10.4u.sdk -mmacosx-version-min=10.4 -I/Users/johnstewman/gtk/inst/include -I/Developer/SDKs/MacOSX10.4u.sdk/usr/include conftest.c >&5
configure:5154: $? = 0
configure:5154: result: yes
configure:5154: checking for memory.h
configure:5154: /usr/bin/gcc-4.0 -std=gnu99 -c -arch i386 -I/Developer/SDKs/MacOSX10.4u.sdk/usr/include -isysroot /Developer/SDKs/MacOSX10.4u.sdk -mmacosx-version-min=10.4 -I/Users/johnstewman/gtk/inst/include -I/Developer/SDKs/MacOSX10.4u.sdk/usr/include conftest.c >&5
configure:5154: $? = 0
configure:5154: result: yes
configure:5154: checking for strings.h
configure:5154: /usr/bin/gcc-4.0 -std=gnu99 -c -arch i386 -I/Developer/SDKs/MacOSX10.4u.sdk/usr/include -isysroot /Developer/SDKs/MacOSX10.4u.sdk -mmacosx-version-min=10.4 -I/Users/johnstewman/gtk/inst/include -I/Developer/SDKs/MacOSX10.4u.sdk/usr/include conftest.c >&5
configure:5154: $? = 0
configure:5154: result: yes
configure:5154: checking for inttypes.h
configure:5154: /usr/bin/gcc-4.0 -std=gnu99 -c -arch i386 -I/Developer/SDKs/MacOSX10.4u.sdk/usr/include -isysroot /Developer/SDKs/MacOSX10.4u.sdk -mmacosx-version-min=10.4 -I/Users/johnstewman/gtk/inst/include -I/Developer/SDKs/MacOSX10.4u.sdk/usr/include conftest.c >&5
configure:5154: $? = 0
configure:5154: result: yes
configure:5154: checking for stdint.h
configure:5154: /usr/bin/gcc-4.0 -std=gnu99 -c -arch i386 -I/Developer/SDKs/MacOSX10.4u.sdk/usr/include -isysroot /Developer/SDKs/MacOSX10.4u.sdk -mmacosx-version-min=10.4 -I/Users/johnstewman/gtk/inst/include -I/Developer/SDKs/MacOSX10.4u.sdk/usr/include conftest.c >&5
configure:5154: $? = 0
configure:5154: result: yes
configure:5154: checking for unistd.h
configure:5154: /usr/bin/gcc-4.0 -std=gnu99 -c -arch i386 -I/Developer/SDKs/MacOSX10.4u.sdk/usr/include -isysroot /Developer/SDKs/MacOSX10.4u.sdk -mmacosx-version-min=10.4 -I/Users/johnstewman/gtk/inst/include -I/Developer/SDKs/MacOSX10.4u.sdk/usr/include conftest.c >&5
configure:5154: $? = 0
configure:5154: result: yes
configure:5166: checking for size_t
configure:5166: /usr/bin/gcc-4.0 -std=gnu99 -c -arch i386 -I/Developer/SDKs/MacOSX10.4u.sdk/usr/include -isysroot /Developer/SDKs/MacOSX10.4u.sdk -mmacosx-version-min=10.4 -I/Users/johnstewman/gtk/inst/include -I/Developer/SDKs/MacOSX10.4u.sdk/usr/include conftest.c >&5
configure:5166: $? = 0
configure:5166: /usr/bin/gcc-4.0 -std=gnu99 -c -arch i386 -I/Developer/SDKs/MacOSX10.4u.sdk/usr/include -isysroot /Developer/SDKs/MacOSX10.4u.sdk -mmacosx-version-min=10.4 -I/Users/johnstewman/gtk/inst/include -I/Developer/SDKs/MacOSX10.4u.sdk/usr/include conftest.c >&5
conftest.c: In function 'main':
conftest.c:57: error: syntax error before ')' token
configure:5166: $? = 1
configure: failed program was:
| /* confdefs.h */
| #define PACKAGE_NAME "darwin"
| #define PACKAGE_TARNAME "darwin"
| #define PACKAGE_VERSION "2.22"
| #define PACKAGE_STRING "darwin 2.22"
| #define PACKAGE_BUGREPORT "darwin@eckerd.edu"
| #define PACKAGE_URL ""
| #define PACKAGE "darwin"
| #define VERSION "2.22"
| #define STDC_HEADERS 1
| #define HAVE_SYS_TYPES_H 1
| #define HAVE_SYS_STAT_H 1
| #define HAVE_STDLIB_H 1
| #define HAVE_STRING_H 1
| #define HAVE_MEMORY_H 1
| #define HAVE_STRINGS_H 1
| #define HAVE_INTTYPES_H 1
| #define HAVE_STDINT_H 1
| #define HAVE_UNISTD_H 1
| /* end confdefs.h.  */
| #include <stdio.h>
| #ifdef HAVE_SYS_TYPES_H
| # include <sys/types.h>
| #endif
| #ifdef HAVE_SYS_STAT_H
| # include <sys/stat.h>
| #endif
| #ifdef STDC_HEADERS
| # include <stdlib.h>
| # include <stddef.h>
| #else
| # ifdef HAVE_STDLIB_H
| #  include <stdlib.h>
| # endif
| #endif
| #ifdef HAVE_STRING_H
| # if !defined STDC_HEADERS && defined HAVE_MEMORY_H
| #  include <memory.h>
| # endif
| # include <string.h>
| #endif
| #ifdef HAVE_STRINGS_H
| # include <strings.h>
| #endif
| #ifdef HAVE_INTTYPES_H
| # include <inttypes.h>
| #endif
| #ifdef HAVE_STDINT_H
| # include <stdint.h>
| #endif
| #ifdef HAVE_UNISTD_H
| # include <unistd.h>
| #endif
| int
| main ()
| {
| if (sizeof ((size_t)))
| 	    return 0;
|   ;
|   return 0;
| }
configure:5166: result: yes
configure:5179: checking for working alloca.h
configure:5196: /usr/bin/gcc-4.0 -std=gnu99 -o conftest -arch i386 -I/Developer/SDKs/MacOSX10.4u.sdk/usr/include -isysroot /Developer/SDKs/MacOSX10.4u.sdk -mmacosx-version-min=10.4 -I/Users/johnstewman/gtk/inst/include -I/Developer/SDKs/MacOSX10.4u.sdk/usr/include -L/Users/johnstewman/gtk/inst/lib -L/Users/johnstewman/gtk/inst/lib -arch i386 -L/Developer/SDKs/MacOSX10.4u.sdk/usr/lib -isysroot /Developer/SDKs/MacOSX10.4u.sdk -mmacosx-version-min=10.4 -Wl,-headerpad_max_install_names conftest.c  >&5
configure:5196: $? = 0
configure:5204: result: yes
configure:5212: checking for alloca
configure:5249: /usr/bin/gcc-4.0 -std=gnu99 -o conftest -arch i386 -I/Developer/SDKs/MacOSX10.4u.sdk/usr/include -isysroot /Developer/SDKs/MacOSX10.4u.sdk -mmacosx-version-min=10.4 -I/Users/johnstewman/gtk/inst/include -I/Developer/SDKs/MacOSX10.4u.sdk/usr/include -L/Users/johnstewman/gtk/inst/lib -L/Users/johnstewman/gtk/inst/lib -arch i386 -L/Developer/SDKs/MacOSX10.4u.sdk/usr/lib -isysroot /Developer/SDKs/MacOSX10.4u.sdk -mmacosx-version-min=10.4 -Wl,-headerpad_max_install_names conftest.c  >&5
configure:5249: $? = 0
configure:5257: result: yes
configure:5366: checking for ANSI C header files
configure:5470: result: yes
configure:5481: checking argz.h usability
configure:5481: /usr/bin/gcc-4.0 -std=gnu99 -c -arch i386 -I/Developer/SDKs/MacOSX10.4u.sdk/usr/include -isysroot /Developer/SDKs/MacOSX10.4u.sdk -mmacosx-version-min=10.4 -I/Users/johnstewman/gtk/inst/include -I/Developer/SDKs/MacOSX10.4u.sdk/usr/include conftest.c >&5
conftest.c:57:18: error: argz.h: No such file or directory
configure:5481: $? = 1
configure: failed program was:
| /* confdefs.h */
| #define PACKAGE_NAME "darwin"
| #define PACKAGE_TARNAME "darwin"
| #define PACKAGE_VERSION "2.22"
| #define PACKAGE_STRING "darwin 2.22"
| #define PACKAGE_BUGREPORT "darwin@eckerd.edu"
| #define PACKAGE_URL ""
| #define PACKAGE "darwin"
| #define VERSION "2.22"
| #define STDC_HEADERS 1
| #define HAVE_SYS_TYPES_H 1
| #define HAVE_SYS_STAT_H 1
| #define HAVE_STDLIB_H 1
| #define HAVE_STRING_H 1
| #define HAVE_MEMORY_H 1
| #define HAVE_STRINGS_H 1
| #define HAVE_INTTYPES_H 1
| #define HAVE_STDINT_H 1
| #define HAVE_UNISTD_H 1
| #define HAVE_ALLOCA_H 1
| #define HAVE_ALLOCA 1
| #define STDC_HEADERS 1
| /* end confdefs.h.  */
| #include <stdio.h>
| #ifdef HAVE_SYS_TYPES_H
| # include <sys/types.h>
| #endif
| #ifdef HAVE_SYS_STAT_H
| # include <sys/stat.h>
| #endif
| #ifdef STDC_HEADERS
| # include <stdlib.h>
| # include <stddef.h>
| #else
| # ifdef HAVE_STDLIB_H
| #  include <stdlib.h>
| # endif
| #endif
| #ifdef HAVE_STRING_H
| # if !defined STDC_HEADERS && defined HAVE_MEMORY_H
| #  include <memory.h>
| # endif
| # include <string.h>
| #endif
| #ifdef HAVE_STRINGS_H
| # include <strings.h>
| #endif
| #ifdef HAVE_INTTYPES_H
| # include <inttypes.h>
| #endif
| #ifdef HAVE_STDINT_H
| # include <stdint.h>
| #endif
| #ifdef HAVE_UNISTD_H
| # include <unistd.h>
| #endif
| #include <argz.h>
configure:5481: result: no
configure:5481: checking argz.h presence
configure:5481: /usr/bin/gcc-4.0 -std=gnu99 -E -I/Users/johnstewman/gtk/inst/include -I/Developer/SDKs/MacOSX10.4u.sdk/usr/include conftest.c
conftest.c:24:18: error: argz.h: No such file or directory
configure:5481: $? = 1
configure: failed program was:
| /* confdefs.h */
| #define PACKAGE_NAME "darwin"
| #define PACKAGE_TARNAME "darwin"
| #define PACKAGE_VERSION "2.22"
| #define PACKAGE_STRING "darwin 2.22"
| #define PACKAGE_BUGREPORT "darwin@eckerd.edu"
| #define PACKAGE_URL ""
| #define PACKAGE "darwin"
| #define VERSION "2.22"
| #define STDC_HEADERS 1
| #define HAVE_SYS_TYPES_H 1
| #define HAVE_SYS_STAT_H 1
| #define HAVE_STDLIB_H 1
| #define HAVE_STRING_H 1
| #define HAVE_MEMORY_H 1
| #define HAVE_STRINGS_H 1
| #define HAVE_INTTYPES_H 1
| #define HAVE_STDINT_H 1
| #define HAVE_UNISTD_H 1
| #define HAVE_ALLOCA_H 1
| #define HAVE_ALLOCA 1
| #define STDC_HEADERS 1
| /* end confdefs.h.  */
| #include <argz.h>
configure:5481: result: no
configure:5481: checking for argz.h
configure:5481: result: no
configure:5481: checking fcntl.h usability
configure:5481: /usr/bin/gcc-4.0 -std=gnu99 -c -arch i386 -I/Developer/SDKs/MacOSX10.4u.sdk/usr/include -isysroot /Developer/SDKs/MacOSX10.4u.sdk -mmacosx-version-min=10.4 -I/Users/johnstewman/gtk/inst/include -I/Developer/SDKs/MacOSX10.4u.sdk/usr/include conftest.c >&5
configure:5481: $? = 0
configure:5481: result: yes
configure:5481: checking fcntl.h presence
configure:5481: /usr/bin/gcc-4.0 -std=gnu99 -E -I/Users/johnstewman/gtk/inst/include -I/Developer/SDKs/MacOSX10.4u.sdk/usr/include conftest.c
configure:5481: $? = 0
configure:5481: result: yes
configure:5481: checking for fcntl.h
configure:5481: result: yes
configure:5481: checking float.h usability
configure:5481: /usr/bin/gcc-4.0 -std=gnu99 -c -arch i386 -I/Developer/SDKs/MacOSX10.4u.sdk/usr/include -isysroot /Developer/SDKs/MacOSX10.4u.sdk -mmacosx-version-min=10.4 -I/Users/johnstewman/gtk/inst/include -I/Developer/SDKs/MacOSX10.4u.sdk/usr/include conftest.c >&5
configure:5481: $? = 0
configure:5481: result: yes
configure:5481: checking float.h presence
configure:5481: /usr/bin/gcc-4.0 -std=gnu99 -E -I/Users/johnstewman/gtk/inst/include -I/Developer/SDKs/MacOSX10.4u.sdk/usr/include conftest.c
configure:5481: $? = 0
configure:5481: result: yes
configure:5481: checking for float.h
configure:5481: result: yes
configure:5481: checking for inttypes.h
configure:5481: result: yes
configure:5481: checking langinfo.h usability
configure:5481: /usr/bin/gcc-4.0 -std=gnu99 -c -arch i386 -I/Developer/SDKs/MacOSX10.4u.sdk/usr/include -isysroot /Developer/SDKs/MacOSX10.4u.sdk -mmacosx-version-min=10.4 -I/Users/johnstewman/gtk/inst/include -I/Developer/SDKs/MacOSX10.4u.sdk/usr/include conftest.c >&5
configure:5481: $? = 0
configure:5481: result: yes
configure:5481: checking langinfo.h presence
configure:5481: /usr/bin/gcc-4.0 -std=gnu99 -E -I/Users/johnstewman/gtk/inst/include -I/Developer/SDKs/MacOSX10.4u.sdk/usr/include conftest.c
configure:5481: $? = 0
configure:5481: result: yes
configure:5481: checking for langinfo.h
configure:5481: result: yes
configure:5481: checking libintl.h usability
configure:5481: /usr/bin/gcc-4.0 -std=gnu99 -c -arch i386 -I/Developer/SDKs/MacOSX10.4u.sdk/usr/include -isysroot /Developer/SDKs/MacOSX10.4u.sdk -mmacosx-version-min=10.4 -I/Users/johnstewman/gtk/inst/include -I/Developer/SDKs/MacOSX10.4u.sdk/usr/include conftest.c >&5
configure:5481: $? = 0
configure:5481: result: yes
configure:5481: checking libintl.h presence
configure:5481: /usr/bin/gcc-4.0 -std=gnu99 -E -I/Users/johnstewman/gtk/inst/include -I/Developer/SDKs/MacOSX10.4u.sdk/usr/include conftest.c
configure:5481: $? = 0
configure:5481: result: yes
configure:5481: checking for libintl.h
configure:5481: result: yes
configure:5481: checking limits.h usability
configure:5481: /usr/bin/gcc-4.0 -std=gnu99 -c -arch i386 -I/Developer/SDKs/MacOSX10.4u.sdk/usr/include -isysroot /Developer/SDKs/MacOSX10.4u.sdk -mmacosx-version-min=10.4 -I/Users/johnstewman/gtk/inst/include -I/Developer/SDKs/MacOSX10.4u.sdk/usr/include conftest.c >&5
configure:5481: $? = 0
configure:5481: result: yes
configure:5481: checking limits.h presence
configure:5481: /usr/bin/gcc-4.0 -std=gnu99 -E -I/Users/johnstewman/gtk/inst/include -I/Developer/SDKs/MacOSX10.4u.sdk/usr/include conftest.c
configure:5481: $? = 0
configure:5481: result: yes
configure:5481: checking for limits.h
configure:5481: result: yes
configure:5481: checking locale.h usability
configure:5481: /usr/bin/gcc-4.0 -std=gnu99 -c -arch i386 -I/Developer/SDKs/MacOSX10.4u.sdk/usr/include -isysroot /Developer/SDKs/MacOSX10.4u.sdk -mmacosx-version-min=10.4 -I/Users/johnstewman/gtk/inst/include -I/Developer/SDKs/MacOSX10.4u.sdk/usr/include conftest.c >&5
configure:5481: $? = 0
configure:5481: result: yes
configure:5481: checking locale.h presence
configure:5481: /usr/bin/gcc-4.0 -std=gnu99 -E -I/Users/johnstewman/gtk/inst/include -I/Developer/SDKs/MacOSX10.4u.sdk/usr/include conftest.c
configure:5481: $? = 0
configure:5481: result: yes
configure:5481: checking for locale.h
configure:5481: result: yes
configure:5481: checking malloc.h usability
configure:5481: /usr/bin/gcc-4.0 -std=gnu99 -c -arch i386 -I/Developer/SDKs/MacOSX10.4u.sdk/usr/include -isysroot /Developer/SDKs/MacOSX10.4u.sdk -mmacosx-version-min=10.4 -I/Users/johnstewman/gtk/inst/include -I/Developer/SDKs/MacOSX10.4u.sdk/usr/include conftest.c >&5
conftest.c:64:20: error: malloc.h: No such file or directory
configure:5481: $? = 1
configure: failed program was:
| /* confdefs.h */
| #define PACKAGE_NAME "darwin"
| #define PACKAGE_TARNAME "darwin"
| #define PACKAGE_VERSION "2.22"
| #define PACKAGE_STRING "darwin 2.22"
| #define PACKAGE_BUGREPORT "darwin@eckerd.edu"
| #define PACKAGE_URL ""
| #define PACKAGE "darwin"
| #define VERSION "2.22"
| #define STDC_HEADERS 1
| #define HAVE_SYS_TYPES_H 1
| #define HAVE_SYS_STAT_H 1
| #define HAVE_STDLIB_H 1
| #define HAVE_STRING_H 1
| #define HAVE_MEMORY_H 1
| #define HAVE_STRINGS_H 1
| #define HAVE_INTTYPES_H 1
| #define HAVE_STDINT_H 1
| #define HAVE_UNISTD_H 1
| #define HAVE_ALLOCA_H 1
| #define HAVE_ALLOCA 1
| #define STDC_HEADERS 1
| #define HAVE_FCNTL_H 1
| #define HAVE_FLOAT_H 1
| #define HAVE_INTTYPES_H 1
| #define HAVE_LANGINFO_H 1
| #define HAVE_LIBINTL_H 1
| #define HAVE_LIMITS_H 1
| #define HAVE_LOCALE_H 1
| /* end confdefs.h.  */
| #include <stdio.h>
| #ifdef HAVE_SYS_TYPES_H
| # include <sys/types.h>
| #endif
| #ifdef HAVE_SYS_STAT_H
| # include <sys/stat.h>
| #endif
| #ifdef STDC_HEADERS
| # include <stdlib.h>
| # include <stddef.h>
| #else
| # ifdef HAVE_STDLIB_H
| #  include <stdlib.h>
| # endif
| #endif
| #ifdef HAVE_STRING_H
| # if !defined STDC_HEADERS && defined HAVE_MEMORY_H
| #  include <memory.h>
| # endif
| # include <string.h>
| #endif
| #ifdef HAVE_STRINGS_H
| # include <strings.h>
| #endif
| #ifdef HAVE_INTTYPES_H
| # include <inttypes.h>
| #endif
| #ifdef HAVE_STDINT_H
| # include <stdint.h>
| #endif
| #ifdef HAVE_UNISTD_H
| # include <unistd.h>
| #endif
| #include <malloc.h>
configure:5481: result: no
configure:5481: checking malloc.h presence
configure:5481: /usr/bin/gcc-4.0 -std=gnu99 -E -I/Users/johnstewman/gtk/inst/include -I/Developer/SDKs/MacOSX10.4u.sdk/usr/include conftest.c
conftest.c:31:20: error: malloc.h: No such file or directory
configure:5481: $? = 1
configure: failed program was:
| /* confdefs.h */
| #define PACKAGE_NAME "darwin"
| #define PACKAGE_TARNAME "darwin"
| #define PACKAGE_VERSION "2.22"
| #define PACKAGE_STRING "darwin 2.22"
| #define PACKAGE_BUGREPORT "darwin@eckerd.edu"
| #define PACKAGE_URL ""
| #define PACKAGE "darwin"
| #define VERSION "2.22"
| #define STDC_HEADERS 1
| #define HAVE_SYS_TYPES_H 1
| #define HAVE_SYS_STAT_H 1
| #define HAVE_STDLIB_H 1
| #define HAVE_STRING_H 1
| #define HAVE_MEMORY_H 1
| #define HAVE_STRINGS_H 1
| #define HAVE_INTTYPES_H 1
| #define HAVE_STDINT_H 1
| #define HAVE_UNISTD_H 1
| #define HAVE_ALLOCA_H 1
| #define HAVE_ALLOCA 1
| #define STDC_HEADERS 1
| #define HAVE_FCNTL_H 1
| #define HAVE_FLOAT_H 1
| #define HAVE_INTTYPES_H 1
| #define HAVE_LANGINFO_H 1
| #define HAVE_LIBINTL_H 1
| #define HAVE_LIMITS_H 1
| #define HAVE_LOCALE_H 1
| /* end confdefs.h.  */
| #include <malloc.h>
configure:5481: result: no
configure:5481: checking for malloc.h
configure:5481: result: no
configure:5481: checking stddef.h usability
configure:5481: /usr/bin/gcc-4.0 -std=gnu99 -c -arch i386 -I/Developer/SDKs/MacOSX10.4u.sdk/usr/include -isysroot /Developer/SDKs/MacOSX10.4u.sdk -mmacosx-version-min=10.4 -I/Users/johnstewman/gtk/inst/include -I/Developer/SDKs/MacOSX10.4u.sdk/usr/include conftest.c >&5
configure:5481: $? = 0
configure:5481: result: yes
configure:5481: checking stddef.h presence
configure:5481: /usr/bin/gcc-4.0 -std=gnu99 -E -I/Users/johnstewman/gtk/inst/include -I/Developer/SDKs/MacOSX10.4u.sdk/usr/include conftest.c
configure:5481: $? = 0
configure:5481: result: yes
configure:5481: checking for stddef.h
configure:5481: result: yes
configure:5481: checking for stdint.h
configure:5481: result: yes
configure:5481: checking stdio_ext.h usability
configure:5481: /usr/bin/gcc-4.0 -std=gnu99 -c -arch i386 -I/Developer/SDKs/MacOSX10.4u.sdk/usr/include -isysroot /Developer/SDKs/MacOSX10.4u.sdk -mmacosx-version-min=10.4 -I/Users/johnstewman/gtk/inst/include -I/Developer/SDKs/MacOSX10.4u.sdk/usr/include conftest.c >&5
conftest.c:66:23: error: stdio_ext.h: No such file or directory
configure:5481: $? = 1
configure: failed program was:
| /* confdefs.h */
| #define PACKAGE_NAME "darwin"
| #define PACKAGE_TARNAME "darwin"
| #define PACKAGE_VERSION "2.22"
| #define PACKAGE_STRING "darwin 2.22"
| #define PACKAGE_BUGREPORT "darwin@eckerd.edu"
| #define PACKAGE_URL ""
| #define PACKAGE "darwin"
| #define VERSION "2.22"
| #define STDC_HEADERS 1
| #define HAVE_SYS_TYPES_H 1
| #define HAVE_SYS_STAT_H 1
| #define HAVE_STDLIB_H 1
| #define HAVE_STRING_H 1
| #define HAVE_MEMORY_H 1
| #define HAVE_STRINGS_H 1
| #define HAVE_INTTYPES_H 1
| #define HAVE_STDINT_H 1
| #define HAVE_UNISTD_H 1
| #define HAVE_ALLOCA_H 1
| #define HAVE_ALLOCA 1
| #define STDC_HEADERS 1
| #define HAVE_FCNTL_H 1
| #define HAVE_FLOAT_H 1
| #define HAVE_INTTYPES_H 1
| #define HAVE_LANGINFO_H 1
| #define HAVE_LIBINTL_H 1
| #define HAVE_LIMITS_H 1
| #define HAVE_LOCALE_H 1
| #define HAVE_STDDEF_H 1
| #define HAVE_STDINT_H 1
| /* end confdefs.h.  */
| #include <stdio.h>
| #ifdef HAVE_SYS_TYPES_H
| # include <sys/types.h>
| #endif
| #ifdef HAVE_SYS_STAT_H
| # include <sys/stat.h>
| #endif
| #ifdef STDC_HEADERS
| # include <stdlib.h>
| # include <stddef.h>
| #else
| # ifdef HAVE_STDLIB_H
| #  include <stdlib.h>
| # endif
| #endif
| #ifdef HAVE_STRING_H
| # if !defined STDC_HEADERS && defined HAVE_MEMORY_H
| #  include <memory.h>
| # endif
| # include <string.h>
| #endif
| #ifdef HAVE_STRINGS_H
| # include <strings.h>
| #endif
| #ifdef HAVE_INTTYPES_H
| # include <inttypes.h>
| #endif
| #ifdef HAVE_STDINT_H
| # include <stdint.h>
| #endif
| #ifdef HAVE_UNISTD_H
| # include <unistd.h>
| #endif
| #include <stdio_ext.h>
configure:5481: result: no
configure:5481: checking stdio_ext.h presence
configure:5481: /usr/bin/gcc-4.0 -std=gnu99 -E -I/Users/johnstewman/gtk/inst/include -I/Developer/SDKs/MacOSX10.4u.sdk/usr/include conftest.c
conftest.c:33:23: error: stdio_ext.h: No such file or directory
configure:5481: $? = 1
configure: failed program was:
| /* confdefs.h */
| #define PACKAGE_NAME "darwin"
| #define PACKAGE_TARNAME "darwin"
| #define PACKAGE_VERSION "2.22"
| #define PACKAGE_STRING "darwin 2.22"
| #define PACKAGE_BUGREPORT "darwin@eckerd.edu"
| #define PACKAGE_URL ""
| #define PACKAGE "darwin"
| #define VERSION "2.22"
| #define STDC_HEADERS 1
| #define HAVE_SYS_TYPES_H 1
| #define HAVE_SYS_STAT_H 1
| #define HAVE_STDLIB_H 1
| #define HAVE_STRING_H 1
| #define HAVE_MEMORY_H 1
| #define HAVE_STRINGS_H 1
| #define HAVE_INTTYPES_H 1
| #define HAVE_STDINT_H 1
| #define HAVE_UNISTD_H 1
| #define HAVE_ALLOCA_H 1
| #define HAVE_ALLOCA 1
| #define STDC_HEADERS 1
| #define HAVE_FCNTL_H 1
| #define HAVE_FLOAT_H 1
| #define HAVE_INTTYPES_H 1
| #define HAVE_LANGINFO_H 1
| #define HAVE_LIBINTL_H 1
| #define HAVE_LIMITS_H 1
| #define HAVE_LOCALE_H 1
| #define HAVE_STDDEF_H 1
| #define HAVE_STDINT_H 1
| /* end confdefs.h.  */
| #include <stdio_ext.h>
configure:5481: result: no
configure:5481: checking for stdio_ext.h
configure:5481: result: no
configure:5481: checking for stdlib.h
configure:5481: result: yes
configure:5481: checking for string.h
configure:5481: result: yes
configure:5481: checking for strings.h
configure:5481: result: yes
configure:5481: checking sys/param.h usability
configure:5481: /usr/bin/gcc-4.0 -std=gnu99 -c -arch i386 -I/Developer/SDKs/MacOSX10.4u.sdk/usr/include -isysroot /Developer/SDKs/MacOSX10.4u.sdk -mmacosx-version-min=10.4 -I/Users/johnstewman/gtk/inst/include -I/Developer/SDKs/MacOSX10.4u.sdk/usr/include conftest.c >&5
configure:5481: $? = 0
configure:5481: result: yes
configure:5481: checking sys/param.h presence
configure:5481: /usr/bin/gcc-4.0 -std=gnu99 -E -I/Users/johnstewman/gtk/inst/include -I/Developer/SDKs/MacOSX10.4u.sdk/usr/include conftest.c
configure:5481: $? = 0
configure:5481: result: yes
configure:5481: checking for sys/param.h
configure:5481: result: yes
configure:5481: checking for unistd.h
configure:5481: result: yes
configure:5481: checking wchar.h usability
configure:5481: /usr/bin/gcc-4.0 -std=gnu99 -c -arch i386 -I/Developer/SDKs/MacOSX10.4u.sdk/usr/include -isysroot /Developer/SDKs/MacOSX10.4u.sdk -mmacosx-version-min=10.4 -I/Users/johnstewman/gtk/inst/include -I/Developer/SDKs/MacOSX10.4u.sdk/usr/include conftest.c >&5
configure:5481: $? = 0
configure:5481: result: yes
configure:5481: checking wchar.h presence
configure:5481: /usr/bin/gcc-4.0 -std=gnu99 -E -I/Users/johnstewman/gtk/inst/include -I/Developer/SDKs/MacOSX10.4u.sdk/usr/include conftest.c
configure:5481: $? = 0
configure:5481: result: yes
configure:5481: checking for wchar.h
configure:5481: result: yes
configure:5481: checking wctype.h usability
configure:5481: /usr/bin/gcc-4.0 -std=gnu99 -c -arch i386 -I/Developer/SDKs/MacOSX10.4u.sdk/usr/include -isysroot /Developer/SDKs/MacOSX10.4u.sdk -mmacosx-version-min=10.4 -I/Users/johnstewman/gtk/inst/include -I/Developer/SDKs/MacOSX10.4u.sdk/usr/include conftest.c >&5
configure:5481: $? = 0
configure:5481: result: yes
configure:5481: checking wctype.h presence
configure:5481: /usr/bin/gcc-4.0 -std=gnu99 -E -I/Users/johnstewman/gtk/inst/include -I/Developer/SDKs/MacOSX10.4u.sdk/usr/include conftest.c
configure:5481: $? = 0
configure:5481: result: yes
configure:5481: checking for wctype.h
configure:5481: result: yes
configure:5493: checking for stdbool.h that conforms to C99
configure:5560: /usr/bin/gcc-4.0 -std=gnu99 -c -arch i386 -I/Developer/SDKs/MacOSX10.4u.sdk/usr/include -isysroot /Developer/SDKs/MacOSX10.4u.sdk -mmacosx-version-min=10.4 -I/Users/johnstewman/gtk/inst/include -I/Developer/SDKs/MacOSX10.4u.sdk/usr/include conftest.c >&5
configure:5560: $? = 0
configure:5567: result: yes
configure:5569: checking for _Bool
configure:5569: /usr/bin/gcc-4.0 -std=gnu99 -c -arch i386 -I/Developer/SDKs/MacOSX10.4u.sdk/usr/include -isysroot /Developer/SDKs/MacOSX10.4u.sdk -mmacosx-version-min=10.4 -I/Users/johnstewman/gtk/inst/include -I/Developer/SDKs/MacOSX10.4u.sdk/usr/include conftest.c >&5
configure:5569: $? = 0
configure:5569: /usr/bin/gcc-4.0 -std=gnu99 -c -arch i386 -I/Developer/SDKs/MacOSX10.4u.sdk/usr/include -isysroot /Developer/SDKs/MacOSX10.4u.sdk -mmacosx-version-min=10.4 -I/Users/johnstewman/gtk/inst/include -I/Developer/SDKs/MacOSX10.4u.sdk/usr/include conftest.c >&5
conftest.c: In function 'main':
conftest.c:76: error: syntax error before ')' token
configure:5569: $? = 1
configure: failed program was:
| /* confdefs.h */
| #define PACKAGE_NAME "darwin"
| #define PACKAGE_TARNAME "darwin"
| #define PACKAGE_VERSION "2.22"
| #define PACKAGE_STRING "darwin 2.22"
| #define PACKAGE_BUGREPORT "darwin@eckerd.edu"
| #define PACKAGE_URL ""
| #define PACKAGE "darwin"
| #define VERSION "2.22"
| #define STDC_HEADERS 1
| #define HAVE_SYS_TYPES_H 1
| #define HAVE_SYS_STAT_H 1
| #define HAVE_STDLIB_H 1
| #define HAVE_STRING_H 1
| #define HAVE_MEMORY_H 1
| #define HAVE_STRINGS_H 1
| #define HAVE_INTTYPES_H 1
| #define HAVE_STDINT_H 1
| #define HAVE_UNISTD_H 1
| #define HAVE_ALLOCA_H 1
| #define HAVE_ALLOCA 1
| #define STDC_HEADERS 1
| #define HAVE_FCNTL_H 1
| #define HAVE_FLOAT_H 1
| #define HAVE_INTTYPES_H 1
| #define HAVE_LANGINFO_H 1
| #define HAVE_LIBINTL_H 1
| #define HAVE_LIMITS_H 1
| #define HAVE_LOCALE_H 1
| #define HAVE_STDDEF_H 1
| #define HAVE_STDINT_H 1
| #define HAVE_STDLIB_H 1
| #define HAVE_STRING_H 1
| #define HAVE_STRINGS_H 1
| #define HAVE_SYS_PARAM_H 1
| #define HAVE_UNISTD_H 1
| #define HAVE_WCHAR_H 1
| #define HAVE_WCTYPE_H 1
| /* end confdefs.h.  */
| #include <stdio.h>
| #ifdef HAVE_SYS_TYPES_H
| # include <sys/types.h>
| #endif
| #ifdef HAVE_SYS_STAT_H
| # include <sys/stat.h>
| #endif
| #ifdef STDC_HEADERS
| # include <stdlib.h>
| # include <stddef.h>
| #else
| # ifdef HAVE_STDLIB_H
| #  include <stdlib.h>
| # endif
| #endif
| #ifdef HAVE_STRING_H
| # if !defined STDC_HEADERS && defined HAVE_MEMORY_H
| #  include <memory.h>
| # endif
| # include <string.h>
| #endif
| #ifdef HAVE_STRINGS_H
| # include <strings.h>
| #endif
| #ifdef HAVE_INTTYPES_H
| # include <inttypes.h>
| #endif
| #ifdef HAVE_STDINT_H
| # include <stdint.h>
| #endif
| #ifdef HAVE_UNISTD_H
| # include <unistd.h>
| #endif
| int
| main ()
| {
| if (sizeof ((_Bool)))
| 	    return 0;
|   ;
|   return 0;
| }
configure:5569: result: yes
configure:5585: checking for an ANSI C-conforming const
configure:5650: /usr/bin/gcc-4.0 -std=gnu99 -c -arch i386 -I/Developer/SDKs/MacOSX10.4u.sdk/usr/include -isysroot /Developer/SDKs/MacOSX10.4u.sdk -mmacosx-version-min=10.4 -I/Users/johnstewman/gtk/inst/include -I/Developer/SDKs/MacOSX10.4u.sdk/usr/include conftest.c >&5
configure:5650: $? = 0
configure:5657: result: yes
configure:5665: checking for inline
configure:5681: /usr/bin/gcc-4.0 -std=gnu99 -c -arch i386 -I/Developer/SDKs/MacOSX10.4u.sdk/usr/include -isysroot /Developer/SDKs/MacOSX10.4u.sdk -mmacosx-version-min=10.4 -I/Users/johnstewman/gtk/inst/include -I/Developer/SDKs/MacOSX10.4u.sdk/usr/include conftest.c >&5
configure:5681: $? = 0
configure:5689: result: inline
configure:5707: checking for pid_t
configure:5707: /usr/bin/gcc-4.0 -std=gnu99 -c -arch i386 -I/Developer/SDKs/MacOSX10.4u.sdk/usr/include -isysroot /Developer/SDKs/MacOSX10.4u.sdk -mmacosx-version-min=10.4 -I/Users/johnstewman/gtk/inst/include -I/Developer/SDKs/MacOSX10.4u.sdk/usr/include conftest.c >&5
configure:5707: $? = 0
configure:5707: /usr/bin/gcc-4.0 -std=gnu99 -c -arch i386 -I/Developer/SDKs/MacOSX10.4u.sdk/usr/include -isysroot /Developer/SDKs/MacOSX10.4u.sdk -mmacosx-version-min=10.4 -I/Users/johnstewman/gtk/inst/include -I/Developer/SDKs/MacOSX10.4u.sdk/usr/include conftest.c >&5
conftest.c: In function 'main':
conftest.c:78: error: syntax error before ')' token
configure:5707: $? = 1
configure: failed program was:
| /* confdefs.h */
| #define PACKAGE_NAME "darwin"
| #define PACKAGE_TARNAME "darwin"
| #define PACKAGE_VERSION "2.22"
| #define PACKAGE_STRING "darwin 2.22"
| #define PACKAGE_BUGREPORT "darwin@eckerd.edu"
| #define PACKAGE_URL ""
| #define PACKAGE "darwin"
| #define VERSION "2.22"
| #define STDC_HEADERS 1
| #define HAVE_SYS_TYPES_H 1
| #define HAVE_SYS_STAT_H 1
| #define HAVE_STDLIB_H 1
| #define HAVE_STRING_H 1
| #define HAVE_MEMORY_H 1
| #define HAVE_STRINGS_H 1
| #define HAVE_INTTYPES_H 1
| #define HAVE_STDINT_H 1
| #define HAVE_UNISTD_H 1
| #define HAVE_ALLOCA_H 1
| #define HAVE_ALLOCA 1
| #define STDC_HEADERS 1
| #define HAVE_FCNTL_H 1
| #define HAVE_FLOAT_H 1
| #define HAVE_INTTYPES_H 1
| #define HAVE_LANGINFO_H 1
| #define HAVE_LIBINTL_H 1
| #define HAVE_LIMITS_H 1
| #define HAVE_LOCALE_H 1
| #define HAVE_STDDEF_H 1
| #define HAVE_STDINT_H 1
| #define HAVE_STDLIB_H 1
| #define HAVE_STRING_H 1
| #define HAVE_STRINGS_H 1
| #define HAVE_SYS_PARAM_H 1
| #define HAVE_UNISTD_H 1
| #define HAVE_WCHAR_H 1
| #define HAVE_WCTYPE_H 1
| #define HAVE__BOOL 1
| #define HAVE_STDBOOL_H 1
| /* end confdefs.h.  */
| #include <stdio.h>
| #ifdef HAVE_SYS_TYPES_H
| # include <sys/types.h>
| #endif
| #ifdef HAVE_SYS_STAT_H
| # include <sys/stat.h>
| #endif
| #ifdef STDC_HEADERS
| # include <stdlib.h>
| # include <stddef.h>
| #else
| # ifdef HAVE_STDLIB_H
| #  include <stdlib.h>
| # endif
| #endif
| #ifdef HAVE_STRING_H
| # if !defined STDC_HEADERS && defined HAVE_MEMORY_H
| #  include <memory.h>
| # endif
| # include <string.h>
| #endif
| #ifdef HAVE_STRINGS_H
| # include <strings.h>
| #endif
| #ifdef HAVE_INTTYPES_H
| # include <inttypes.h>
| #endif
| #ifdef HAVE_STDINT_H
| # include <stdint.h>
| #endif
| #ifdef HAVE_UNISTD_H
| # include <unistd.h>
| #endif
| int
| main ()
| {
| if (sizeof ((pid_t)))
| 	    return 0;
|   ;
|   return 0;
| }
configure:5707: result: yes
configure:5718: checking for size_t
configure:5718: result: yes
configure:5729: checking whether time.h and sys/time.h may both be included
configure:5749: /usr/bin/gcc-4.0 -std=gnu99 -c -arch i386 -I/Developer/SDKs/MacOSX10.4u.sdk/usr/include -isysroot /Developer/SDKs/MacOSX10.4u.sdk -mmacosx-version-min=10.4 -I/Users/johnstewman/gtk/inst/include -I/Developer/SDKs/MacOSX10.4u.sdk/usr/include conftest.c >&5
configure:5749: $? = 0
configure:5756: result: yes
configure:5764: checking whether struct tm is in sys/time.h or time.h
configure:5784: /usr/bin/gcc-4.0 -std=gnu99 -c -arch i386 -I/Developer/SDKs/MacOSX10.4u.sdk/usr/include -isysroot /Developer/SDKs/MacOSX10.4u.sdk -mmacosx-version-min=10.4 -I/Users/johnstewman/gtk/inst/include -I/Developer/SDKs/MacOSX10.4u.sdk/usr/include conftest.c >&5
configure:5784: $? = 0
configure:5791: result: time.h
configure:5799: checking for working volatile
configure:5818: /usr/bin/gcc-4.0 -std=gnu99 -c -arch i386 -I/Developer/SDKs/MacOSX10.4u.sdk/usr/include -isysroot /Developer/SDKs/MacOSX10.4u.sdk -mmacosx-version-min=10.4 -I/Users/johnstewman/gtk/inst/include -I/Developer/SDKs/MacOSX10.4u.sdk/usr/include conftest.c >&5
configure:5818: $? = 0
configure:5825: result: yes
configure:5833: checking for ptrdiff_t
configure:5833: /usr/bin/gcc-4.0 -std=gnu99 -c -arch i386 -I/Developer/SDKs/MacOSX10.4u.sdk/usr/include -isysroot /Developer/SDKs/MacOSX10.4u.sdk -mmacosx-version-min=10.4 -I/Users/johnstewman/gtk/inst/include -I/Developer/SDKs/MacOSX10.4u.sdk/usr/include conftest.c >&5
configure:5833: $? = 0
configure:5833: /usr/bin/gcc-4.0 -std=gnu99 -c -arch i386 -I/Developer/SDKs/MacOSX10.4u.sdk/usr/include -isysroot /Developer/SDKs/MacOSX10.4u.sdk -mmacosx-version-min=10.4 -I/Users/johnstewman/gtk/inst/include -I/Developer/SDKs/MacOSX10.4u.sdk/usr/include conftest.c >&5
conftest.c: In function 'main':
conftest.c:79: error: syntax error before ')' token
configure:5833: $? = 1
configure: failed program was:
| /* confdefs.h */
| #define PACKAGE_NAME "darwin"
| #define PACKAGE_TARNAME "darwin"
| #define PACKAGE_VERSION "2.22"
| #define PACKAGE_STRING "darwin 2.22"
| #define PACKAGE_BUGREPORT "darwin@eckerd.edu"
| #define PACKAGE_URL ""
| #define PACKAGE "darwin"
| #define VERSION "2.22"
| #define STDC_HEADERS 1
| #define HAVE_SYS_TYPES_H 1
| #define HAVE_SYS_STAT_H 1
| #define HAVE_STDLIB_H 1
| #define HAVE_STRING_H 1
| #define HAVE_MEMORY_H 1
| #define HAVE_STRINGS_H 1
| #define HAVE_INTTYPES_H 1
| #define HAVE_STDINT_H 1
| #define HAVE_UNISTD_H 1
| #define HAVE_ALLOCA_H 1
| #define HAVE_ALLOCA 1
| #define STDC_HEADERS 1
| #define HAVE_FCNTL_H 1
| #define HAVE_FLOAT_H 1
| #define HAVE_INTTYPES_H 1
| #define HAVE_LANGINFO_H 1
| #define HAVE_LIBINTL_H 1
| #define HAVE_LIMITS_H 1
| #define HAVE_LOCALE_H 1
| #define HAVE_STDDEF_H 1
| #define HAVE_STDINT_H 1
| #define HAVE_STDLIB_H 1
| #define HAVE_STRING_H 1
| #define HAVE_STRINGS_H 1
| #define HAVE_SYS_PARAM_H 1
| #define HAVE_UNISTD_H 1
| #define HAVE_WCHAR_H 1
| #define HAVE_WCTYPE_H 1
| #define HAVE__BOOL 1
| #define HAVE_STDBOOL_H 1
| #define TIME_WITH_SYS_TIME 1
| /* end confdefs.h.  */
| #include <stdio.h>
| #ifdef HAVE_SYS_TYPES_H
| # include <sys/types.h>
| #endif
| #ifdef HAVE_SYS_STAT_H
| # include <sys/stat.h>
| #endif
| #ifdef STDC_HEADERS
| # include <stdlib.h>
| # include <stddef.h>
| #else
| # ifdef HAVE_STDLIB_H
| #  include <stdlib.h>
| # endif
| #endif
| #ifdef HAVE_STRING_H
| # if !defined STDC_HEADERS && defined HAVE_MEMORY_H
| #  include <memory.h>
| # endif
| # include <string.h>
| #endif
| #ifdef HAVE_STRINGS_H
| # include <strings.h>
| #endif
| #ifdef HAVE_INTTYPES_H
| # include <inttypes.h>
| #endif
| #ifdef HAVE_STDINT_H
| # include <stdint.h>
| #endif
| #ifdef HAVE_UNISTD_H
| # include <unistd.h>
| #endif
| int
| main ()
| {
| if (sizeof ((ptrdiff_t)))
| 	    return 0;
|   ;
|   return 0;
| }
configure:5833: result: yes
configure:5867: checking for pkg-config
configure:5885: found /Users/johnstewman/gtk/inst/bin/pkg-config
configure:5898: result: /Users/johnstewman/gtk/inst/bin/pkg-config
configure:5920: checking for GTK+ - version >= 2.0.0
configure:6030: /usr/bin/gcc-4.0 -std=gnu99 -o conftest -arch i386 -I/Developer/SDKs/MacOSX10.4u.sdk/usr/include -isysroot /Developer/SDKs/MacOSX10.4u.sdk -mmacosx-version-min=10.4 -D_REENTRANT -I/Users/johnstewman/gtk/inst/include/gtk-2.0 -I/Users/johnstewman/gtk/inst/lib/gtk-2.0/include -I/Users/johnstewman/gtk/inst/include/atk-1.0 -I/Users/johnstewman/gtk/inst/include/cairo -I/Users/johnstewman/gtk/inst/include/gdk-pixbuf-2.0 -I/Users/johnstewman/gtk/inst/include/pango-1.0 -I/Users/johnstewman/gtk/inst/include/glib-2.0 -I/Users/johnstewman/gtk/inst/lib/glib-2.0/include -I/Users/johnstewman/gtk/inst/include/pixman-1 -I/Users/johnstewman/gtk/inst/include/freetype2 -I/Users/johnstewman/gtk/inst/include/libpng14   -I/Users/johnstewman/gtk/inst/include -I/Developer/SDKs/MacOSX10.4u.sdk/usr/include -L/Users/johnstewman/gtk/inst/lib -L/Users/johnstewman/gtk/inst/lib -arch i386 -L/Developer/SDKs/MacOSX10.4u.sdk/usr/lib -isysroot /Developer/SDKs/MacOSX10.4u.sdk -mmacosx-version-min=10.4 -Wl,-headerpad_max_install_names conftest.c -L/Users/johnstewman/gtk/inst/lib -lgtk-quartz-2.0 -lgdk-quartz-2.0 -latk-1.0 -lgio-2.0 -lpangocairo-1.0 -lgdk_pixbuf-2.0 -lm -lpango-1.0 -lcairo -lgobject-2.0 -lgmodule-2.0 -lgthread-2.0 -lglib-2.0 -lintl    >&5
configure:6030: $? = 0
configure:6030: ./conftest
configure:6030: $? = 0
configure:6044: result: yes (version 2.24.6)
configure:6109: checking for stdlib.h
configure:6109: result: yes
configure:6119: checking for GNU libc compatible malloc
configure:6143: /usr/bin/gcc-4.0 -std=gnu99 -o conftest -arch i386 -I/Developer/SDKs/MacOSX10.4u.sdk/usr/include -isysroot /Developer/SDKs/MacOSX10.4u.sdk -mmacosx-version-min=10.4 -I/Users/johnstewman/gtk/inst/include -I/Developer/SDKs/MacOSX10.4u.sdk/usr/include -L/Users/johnstewman/gtk/inst/lib -L/Users/johnstewman/gtk/inst/lib -arch i386 -L/Developer/SDKs/MacOSX10.4u.sdk/usr/lib -isysroot /Developer/SDKs/MacOSX10.4u.sdk -mmacosx-version-min=10.4 -Wl,-headerpad_max_install_names conftest.c  >&5
configure:6143: $? = 0
configure:6143: ./conftest
configure:6143: $? = 0
configure:6153: result: yes
configure:6180: checking for stdlib.h
configure:6180: result: yes
configure:6180: checking for unistd.h
configure:6180: result: yes
configure:6180: checking for sys/param.h
configure:6180: result: yes
configure:6200: checking for getpagesize
configure:6200: /usr/bin/gcc-4.0 -std=gnu99 -o conftest -arch i386 -I/Developer/SDKs/MacOSX10.4u.sdk/usr/include -isysroot /Developer/SDKs/MacOSX10.4u.sdk -mmacosx-version-min=10.4 -I/Users/johnstewman/gtk/inst/include -I/Developer/SDKs/MacOSX10.4u.sdk/usr/include -L/Users/johnstewman/gtk/inst/lib -L/Users/johnstewman/gtk/inst/lib -arch i386 -L/Developer/SDKs/MacOSX10.4u.sdk/usr/lib -isysroot /Developer/SDKs/MacOSX10.4u.sdk -mmacosx-version-min=10.4 -Wl,-headerpad_max_install_names conftest.c  >&5
configure:6200: $? = 0
configure:6200: result: yes
configure:6209: checking for working mmap
configure:6356: /usr/bin/gcc-4.0 -std=gnu99 -o conftest -arch i386 -I/Developer/SDKs/MacOSX10.4u.sdk/usr/include -isysroot /Developer/SDKs/MacOSX10.4u.sdk -mmacosx-version-min=10.4 -I/Users/johnstewman/gtk/inst/include -I/Developer/SDKs/MacOSX10.4u.sdk/usr/include -L/Users/johnstewman/gtk/inst/lib -L/Users/johnstewman/gtk/inst/lib -arch i386 -L/Developer/SDKs/MacOSX10.4u.sdk/usr/lib -isysroot /Developer/SDKs/MacOSX10.4u.sdk -mmacosx-version-min=10.4 -Wl,-headerpad_max_install_names conftest.c  >&5
configure:6356: $? = 0
configure:6356: ./conftest
configure:6356: $? = 0
configure:6366: result: yes
configure:6377: checking for stdlib.h
configure:6377: result: yes
configure:6387: checking for GNU libc compatible realloc
configure:6411: /usr/bin/gcc-4.0 -std=gnu99 -o conftest -arch i386 -I/Developer/SDKs/MacOSX10.4u.sdk/usr/include -isysroot /Developer/SDKs/MacOSX10.4u.sdk -mmacosx-version-min=10.4 -I/Users/johnstewman/gtk/inst/include -I/Developer/SDKs/MacOSX10.4u.sdk/usr/include -L/Users/johnstewman/gtk/inst/lib -L/Users/johnstewman/gtk/inst/lib -arch i386 -L/Developer/SDKs/MacOSX10.4u.sdk/usr/lib -isysroot /Developer/SDKs/MacOSX10.4u.sdk -mmacosx-version-min=10.4 -Wl,-headerpad_max_install_names conftest.c  >&5
configure:6411: $? = 0
configure:6411: ./conftest
configure:6411: $? = 0
configure:6421: result: yes
configure:6442: checking whether lstat correctly handles trailing slash
configure:6468: /usr/bin/gcc-4.0 -std=gnu99 -o conftest -arch i386 -I/Developer/SDKs/MacOSX10.4u.sdk/usr/include -isysroot /Developer/SDKs/MacOSX10.4u.sdk -mmacosx-version-min=10.4 -I/Users/johnstewman/gtk/inst/include -I/Developer/SDKs/MacOSX10.4u.sdk/usr/include -L/Users/johnstewman/gtk/inst/lib -L/Users/johnstewman/gtk/inst/lib -arch i386 -L/Developer/SDKs/MacOSX10.4u.sdk/usr/lib -isysroot /Developer/SDKs/MacOSX10.4u.sdk -mmacosx-version-min=10.4 -Wl,-headerpad_max_install_names conftest.c  >&5
configure:6468: $? = 0
configure:6468: ./conftest
configure:6468: $? = 1
configure: program exited with status 1
configure: failed program was:
| /* confdefs.h */
| #define PACKAGE_NAME "darwin"
| #define PACKAGE_TARNAME "darwin"
| #define PACKAGE_VERSION "2.22"
| #define PACKAGE_STRING "darwin 2.22"
| #define PACKAGE_BUGREPORT "darwin@eckerd.edu"
| #define PACKAGE_URL ""
| #define PACKAGE "darwin"
| #define VERSION "2.22"
| #define STDC_HEADERS 1
| #define HAVE_SYS_TYPES_H 1
| #define HAVE_SYS_STAT_H 1
| #define HAVE_STDLIB_H 1
| #define HAVE_STRING_H 1
| #define HAVE_MEMORY_H 1
| #define HAVE_STRINGS_H 1
| #define HAVE_INTTYPES_H 1
| #define HAVE_STDINT_H 1
| #define HAVE_UNISTD_H 1
| #define HAVE_ALLOCA_H 1
| #define HAVE_ALLOCA 1
| #define STDC_HEADERS 1
| #define HAVE_FCNTL_H 1
| #define HAVE_FLOAT_H 1
| #define HAVE_INTTYPES_H 1
| #define HAVE_LANGINFO_H 1
| #define HAVE_LIBINTL_H 1
| #define HAVE_LIMITS_H 1
| #define HAVE_LOCALE_H 1
| #define HAVE_STDDEF_H 1
| #define HAVE_STDINT_H 1
| #define HAVE_STDLIB_H 1
| #define HAVE_STRING_H 1
| #define HAVE_STRINGS_H 1
| #define HAVE_SYS_PARAM_H 1
| #define HAVE_UNISTD_H 1
| #define HAVE_WCHAR_H 1
| #define HAVE_WCTYPE_H 1
| #define HAVE__BOOL 1
| #define HAVE_STDBOOL_H 1
| #define TIME_WITH_SYS_TIME 1
| #define HAVE_PTRDIFF_T 1
| #define HAVE_STDLIB_H 1
| #define HAVE_MALLOC 1
| #define HAVE_STDLIB_H 1
| #define HAVE_UNISTD_H 1
| #define HAVE_SYS_PARAM_H 1
| #define HAVE_GETPAGESIZE 1
| #define HAVE_MMAP 1
| #define HAVE_STDLIB_H 1
| #define HAVE_REALLOC 1
| /* end confdefs.h.  */
| #include <stdio.h>
| #ifdef HAVE_SYS_TYPES_H
| # include <sys/types.h>
| #endif
| #ifdef HAVE_SYS_STAT_H
| # include <sys/stat.h>
| #endif
| #ifdef STDC_HEADERS
| # include <stdlib.h>
| # include <stddef.h>
| #else
| # ifdef HAVE_STDLIB_H
| #  include <stdlib.h>
| # endif
| #endif
| #ifdef HAVE_STRING_H
| # if !defined STDC_HEADERS && defined HAVE_MEMORY_H
| #  include <memory.h>
| # endif
| # include <string.h>
| #endif
| #ifdef HAVE_STRINGS_H
| # include <strings.h>
| #endif
| #ifdef HAVE_INTTYPES_H
| # include <inttypes.h>
| #endif
| #ifdef HAVE_STDINT_H
| # include <stdint.h>
| #endif
| #ifdef HAVE_UNISTD_H
| # include <unistd.h>
| #endif
| int
| main ()
| {
| struct stat sbuf;
|      /* Linux will dereference the symlink and fail, as required by POSIX.
| 	That is better in the sense that it means we will not
| 	have to compile and use the lstat wrapper.  */
|      return lstat ("conftest.sym/", &sbuf) == 0;
|   ;
|   return 0;
| }
configure:6485: result: no
configure:6504: checking whether stat accepts an empty string
configure:6524: /usr/bin/gcc-4.0 -std=gnu99 -o conftest -arch i386 -I/Developer/SDKs/MacOSX10.4u.sdk/usr/include -isysroot /Developer/SDKs/MacOSX10.4u.sdk -mmacosx-version-min=10.4 -I/Users/johnstewman/gtk/inst/include -I/Developer/SDKs/MacOSX10.4u.sdk/usr/include -L/Users/johnstewman/gtk/inst/lib -L/Users/johnstewman/gtk/inst/lib -arch i386 -L/Developer/SDKs/MacOSX10.4u.sdk/usr/lib -isysroot /Developer/SDKs/MacOSX10.4u.sdk -mmacosx-version-min=10.4 -Wl,-headerpad_max_install_names conftest.c  >&5
configure:6524: $? = 0
configure:6524: ./conftest
configure:6524: $? = 0
configure:6534: result: no
configure:6552: checking for vprintf
configure:6552: /usr/bin/gcc-4.0 -std=gnu99 -o conftest -arch i386 -I/Developer/SDKs/MacOSX10.4u.sdk/usr/include -isysroot /Developer/SDKs/MacOSX10.4u.sdk -mmacosx-version-min=10.4 -I/Users/johnstewman/gtk/inst/include -I/Developer/SDKs/MacOSX10.4u.sdk/usr/include -L/Users/johnstewman/gtk/inst/lib -L/Users/johnstewman/gtk/inst/lib -arch i386 -L/Developer/SDKs/MacOSX10.4u.sdk/usr/lib -isysroot /Developer/SDKs/MacOSX10.4u.sdk -mmacosx-version-min=10.4 -Wl,-headerpad_max_install_names conftest.c  >&5
conftest.c:76: warning: conflicting types for built-in function 'vprintf'
configure:6552: $? = 0
configure:6552: result: yes
configure:6558: checking for _doprnt
configure:6558: /usr/bin/gcc-4.0 -std=gnu99 -o conftest -arch i386 -I/Developer/SDKs/MacOSX10.4u.sdk/usr/include -isysroot /Developer/SDKs/MacOSX10.4u.sdk -mmacosx-version-min=10.4 -I/Users/johnstewman/gtk/inst/include -I/Developer/SDKs/MacOSX10.4u.sdk/usr/include -L/Users/johnstewman/gtk/inst/lib -L/Users/johnstewman/gtk/inst/lib -arch i386 -L/Developer/SDKs/MacOSX10.4u.sdk/usr/lib -isysroot /Developer/SDKs/MacOSX10.4u.sdk -mmacosx-version-min=10.4 -Wl,-headerpad_max_install_names conftest.c  >&5
Undefined symbols:
  "__doprnt", referenced from:
      _main in cc5e1bF0.o
ld: symbol(s) not found
collect2: ld returned 1 exit status
configure:6558: $? = 1
configure: failed program was:
| /* confdefs.h */
| #define PACKAGE_NAME "darwin"
| #define PACKAGE_TARNAME "darwin"
| #define PACKAGE_VERSION "2.22"
| #define PACKAGE_STRING "darwin 2.22"
| #define PACKAGE_BUGREPORT "darwin@eckerd.edu"
| #define PACKAGE_URL ""
| #define PACKAGE "darwin"
| #define VERSION "2.22"
| #define STDC_HEADERS 1
| #define HAVE_SYS_TYPES_H 1
| #define HAVE_SYS_STAT_H 1
| #define HAVE_STDLIB_H 1
| #define HAVE_STRING_H 1
| #define HAVE_MEMORY_H 1
| #define HAVE_STRINGS_H 1
| #define HAVE_INTTYPES_H 1
| #define HAVE_STDINT_H 1
| #define HAVE_UNISTD_H 1
| #define HAVE_ALLOCA_H 1
| #define HAVE_ALLOCA 1
| #define STDC_HEADERS 1
| #define HAVE_FCNTL_H 1
| #define HAVE_FLOAT_H 1
| #define HAVE_INTTYPES_H 1
| #define HAVE_LANGINFO_H 1
| #define HAVE_LIBINTL_H 1
| #define HAVE_LIMITS_H 1
| #define HAVE_LOCALE_H 1
| #define HAVE_STDDEF_H 1
| #define HAVE_STDINT_H 1
| #define HAVE_STDLIB_H 1
| #define HAVE_STRING_H 1
| #define HAVE_STRINGS_H 1
| #define HAVE_SYS_PARAM_H 1
| #define HAVE_UNISTD_H 1
| #define HAVE_WCHAR_H 1
| #define HAVE_WCTYPE_H 1
| #define HAVE__BOOL 1
| #define HAVE_STDBOOL_H 1
| #define TIME_WITH_SYS_TIME 1
| #define HAVE_PTRDIFF_T 1
| #define HAVE_STDLIB_H 1
| #define HAVE_MALLOC 1
| #define HAVE_STDLIB_H 1
| #define HAVE_UNISTD_H 1
| #define HAVE_SYS_PARAM_H 1
| #define HAVE_GETPAGESIZE 1
| #define HAVE_MMAP 1
| #define HAVE_STDLIB_H 1
| #define HAVE_REALLOC 1
| #define HAVE_VPRINTF 1
| /* end confdefs.h.  */
| /* Define _doprnt to an innocuous variant, in case <limits.h> declares _doprnt.
|    For example, HP-UX 11i <limits.h> declares gettimeofday.  */
| #define _doprnt innocuous__doprnt
| 
| /* System header to define __stub macros and hopefully few prototypes,
|     which can conflict with char _doprnt (); below.
|     Prefer <limits.h> to <assert.h> if __STDC__ is defined, since
|     <limits.h> exists even on freestanding compilers.  */
| 
| #ifdef __STDC__
| # include <limits.h>
| #else
| # include <assert.h>
| #endif
| 
| #undef _doprnt
| 
| /* Override any GCC internal prototype to avoid an error.
|    Use char because int might match the return type of a GCC
|    builtin and then its argument prototype would still apply.  */
| #ifdef __cplusplus
| extern "C"
| #endif
| char _doprnt ();
| /* The GNU C library defines this for functions which it implements
|     to always fail with ENOSYS.  Some functions are actually named
|     something starting with __ and the normal name is an alias.  */
| #if defined __stub__doprnt || defined __stub____doprnt
| choke me
| #endif
| 
| int
| main ()
| {
| return _doprnt ();
|   ;
|   return 0;
| }
configure:6558: result: no
configure:6572: checking for __argz_count
configure:6572: /usr/bin/gcc-4.0 -std=gnu99 -o conftest -arch i386 -I/Developer/SDKs/MacOSX10.4u.sdk/usr/include -isysroot /Developer/SDKs/MacOSX10.4u.sdk -mmacosx-version-min=10.4 -I/Users/johnstewman/gtk/inst/include -I/Developer/SDKs/MacOSX10.4u.sdk/usr/include -L/Users/johnstewman/gtk/inst/lib -L/Users/johnstewman/gtk/inst/lib -arch i386 -L/Developer/SDKs/MacOSX10.4u.sdk/usr/lib -isysroot /Developer/SDKs/MacOSX10.4u.sdk -mmacosx-version-min=10.4 -Wl,-headerpad_max_install_names conftest.c  >&5
Undefined symbols:
  "___argz_count", referenced from:
      _main in ccSe2789.o
ld: symbol(s) not found
collect2: ld returned 1 exit status
configure:6572: $? = 1
configure: failed program was:
| /* confdefs.h */
| #define PACKAGE_NAME "darwin"
| #define PACKAGE_TARNAME "darwin"
| #define PACKAGE_VERSION "2.22"
| #define PACKAGE_STRING "darwin 2.22"
| #define PACKAGE_BUGREPORT "darwin@eckerd.edu"
| #define PACKAGE_URL ""
| #define PACKAGE "darwin"
| #define VERSION "2.22"
| #define STDC_HEADERS 1
| #define HAVE_SYS_TYPES_H 1
| #define HAVE_SYS_STAT_H 1
| #define HAVE_STDLIB_H 1
| #define HAVE_STRING_H 1
| #define HAVE_MEMORY_H 1
| #define HAVE_STRINGS_H 1
| #define HAVE_INTTYPES_H 1
| #define HAVE_STDINT_H 1
| #define HAVE_UNISTD_H 1
| #define HAVE_ALLOCA_H 1
| #define HAVE_ALLOCA 1
| #define STDC_HEADERS 1
| #define HAVE_FCNTL_H 1
| #define HAVE_FLOAT_H 1
| #define HAVE_INTTYPES_H 1
| #define HAVE_LANGINFO_H 1
| #define HAVE_LIBINTL_H 1
| #define HAVE_LIMITS_H 1
| #define HAVE_LOCALE_H 1
| #define HAVE_STDDEF_H 1
| #define HAVE_STDINT_H 1
| #define HAVE_STDLIB_H 1
| #define HAVE_STRING_H 1
| #define HAVE_STRINGS_H 1
| #define HAVE_SYS_PARAM_H 1
| #define HAVE_UNISTD_H 1
| #define HAVE_WCHAR_H 1
| #define HAVE_WCTYPE_H 1
| #define HAVE__BOOL 1
| #define HAVE_STDBOOL_H 1
| #define TIME_WITH_SYS_TIME 1
| #define HAVE_PTRDIFF_T 1
| #define HAVE_STDLIB_H 1
| #define HAVE_MALLOC 1
| #define HAVE_STDLIB_H 1
| #define HAVE_UNISTD_H 1
| #define HAVE_SYS_PARAM_H 1
| #define HAVE_GETPAGESIZE 1
| #define HAVE_MMAP 1
| #define HAVE_STDLIB_H 1
| #define HAVE_REALLOC 1
| #define HAVE_VPRINTF 1
| /* end confdefs.h.  */
| /* Define __argz_count to an innocuous variant, in case <limits.h> declares __argz_count.
|    For example, HP-UX 11i <limits.h> declares gettimeofday.  */
| #define __argz_count innocuous___argz_count
| 
| /* System header to define __stub macros and hopefully few prototypes,
|     which can conflict with char __argz_count (); below.
|     Prefer <limits.h> to <assert.h> if __STDC__ is defined, since
|     <limits.h> exists even on freestanding compilers.  */
| 
| #ifdef __STDC__
| # include <limits.h>
| #else
| # include <assert.h>
| #endif
| 
| #undef __argz_count
| 
| /* Override any GCC internal prototype to avoid an error.
|    Use char because int might match the return type of a GCC
|    builtin and then its argument prototype would still apply.  */
| #ifdef __cplusplus
| extern "C"
| #endif
| char __argz_count ();
| /* The GNU C library defines this for functions which it implements
|     to always fail with ENOSYS.  Some functions are actually named
|     something starting with __ and the normal name is an alias.  */
| #if defined __stub___argz_count || defined __stub_____argz_count
| choke me
| #endif
| 
| int
| main ()
| {
| return __argz_count ();
|   ;
|   return 0;
| }
configure:6572: result: no
configure:6572: checking for __argz_next
configure:6572: /usr/bin/gcc-4.0 -std=gnu99 -o conftest -arch i386 -I/Developer/SDKs/MacOSX10.4u.sdk/usr/include -isysroot /Developer/SDKs/MacOSX10.4u.sdk -mmacosx-version-min=10.4 -I/Users/johnstewman/gtk/inst/include -I/Developer/SDKs/MacOSX10.4u.sdk/usr/include -L/Users/johnstewman/gtk/inst/lib -L/Users/johnstewman/gtk/inst/lib -arch i386 -L/Developer/SDKs/MacOSX10.4u.sdk/usr/lib -isysroot /Developer/SDKs/MacOSX10.4u.sdk -mmacosx-version-min=10.4 -Wl,-headerpad_max_install_names conftest.c  >&5
Undefined symbols:
  "___argz_next", referenced from:
      _main in cc8gfxWp.o
ld: symbol(s) not found
collect2: ld returned 1 exit status
configure:6572: $? = 1
configure: failed program was:
| /* confdefs.h */
| #define PACKAGE_NAME "darwin"
| #define PACKAGE_TARNAME "darwin"
| #define PACKAGE_VERSION "2.22"
| #define PACKAGE_STRING "darwin 2.22"
| #define PACKAGE_BUGREPORT "darwin@eckerd.edu"
| #define PACKAGE_URL ""
| #define PACKAGE "darwin"
| #define VERSION "2.22"
| #define STDC_HEADERS 1
| #define HAVE_SYS_TYPES_H 1
| #define HAVE_SYS_STAT_H 1
| #define HAVE_STDLIB_H 1
| #define HAVE_STRING_H 1
| #define HAVE_MEMORY_H 1
| #define HAVE_STRINGS_H 1
| #define HAVE_INTTYPES_H 1
| #define HAVE_STDINT_H 1
| #define HAVE_UNISTD_H 1
| #define HAVE_ALLOCA_H 1
| #define HAVE_ALLOCA 1
| #define STDC_HEADERS 1
| #define HAVE_FCNTL_H 1
| #define HAVE_FLOAT_H 1
| #define HAVE_INTTYPES_H 1
| #define HAVE_LANGINFO_H 1
| #define HAVE_LIBINTL_H 1
| #define HAVE_LIMITS_H 1
| #define HAVE_LOCALE_H 1
| #define HAVE_STDDEF_H 1
| #define HAVE_STDINT_H 1
| #define HAVE_STDLIB_H 1
| #define HAVE_STRING_H 1
| #define HAVE_STRINGS_H 1
| #define HAVE_SYS_PARAM_H 1
| #define HAVE_UNISTD_H 1
| #define HAVE_WCHAR_H 1
| #define HAVE_WCTYPE_H 1
| #define HAVE__BOOL 1
| #define HAVE_STDBOOL_H 1
| #define TIME_WITH_SYS_TIME 1
| #define HAVE_PTRDIFF_T 1
| #define HAVE_STDLIB_H 1
| #define HAVE_MALLOC 1
| #define HAVE_STDLIB_H 1
| #define HAVE_UNISTD_H 1
| #define HAVE_SYS_PARAM_H 1
| #define HAVE_GETPAGESIZE 1
| #define HAVE_MMAP 1
| #define HAVE_STDLIB_H 1
| #define HAVE_REALLOC 1
| #define HAVE_VPRINTF 1
| /* end confdefs.h.  */
| /* Define __argz_next to an innocuous variant, in case <limits.h> declares __argz_next.
|    For example, HP-UX 11i <limits.h> declares gettimeofday.  */
| #define __argz_next innocuous___argz_next
| 
| /* System header to define __stub macros and hopefully few prototypes,
|     which can conflict with char __argz_next (); below.
|     Prefer <limits.h> to <assert.h> if __STDC__ is defined, since
|     <limits.h> exists even on freestanding compilers.  */
| 
| #ifdef __STDC__
| # include <limits.h>
| #else
| # include <assert.h>
| #endif
| 
| #undef __argz_next
| 
| /* Override any GCC internal prototype to avoid an error.
|    Use char because int might match the return type of a GCC
|    builtin and then its argument prototype would still apply.  */
| #ifdef __cplusplus
| extern "C"
| #endif
| char __argz_next ();
| /* The GNU C library defines this for functions which it implements
|     to always fail with ENOSYS.  Some functions are actually named
|     something starting with __ and the normal name is an alias.  */
| #if defined __stub___argz_next || defined __stub_____argz_next
| choke me
| #endif
| 
| int
| main ()
| {
| return __argz_next ();
|   ;
|   return 0;
| }
configure:6572: result: no
configure:6572: checking for __argz_stringify
configure:6572: /usr/bin/gcc-4.0 -std=gnu99 -o conftest -arch i386 -I/Developer/SDKs/MacOSX10.4u.sdk/usr/include -isysroot /Developer/SDKs/MacOSX10.4u.sdk -mmacosx-version-min=10.4 -I/Users/johnstewman/gtk/inst/include -I/Developer/SDKs/MacOSX10.4u.sdk/usr/include -L/Users/johnstewman/gtk/inst/lib -L/Users/johnstewman/gtk/inst/lib -arch i386 -L/Developer/SDKs/MacOSX10.4u.sdk/usr/lib -isysroot /Developer/SDKs/MacOSX10.4u.sdk -mmacosx-version-min=10.4 -Wl,-headerpad_max_install_names conftest.c  >&5
Undefined symbols:
  "___argz_stringify", referenced from:
      _main in ccN4ei6y.o
ld: symbol(s) not found
collect2: ld returned 1 exit status
configure:6572: $? = 1
configure: failed program was:
| /* confdefs.h */
| #define PACKAGE_NAME "darwin"
| #define PACKAGE_TARNAME "darwin"
| #define PACKAGE_VERSION "2.22"
| #define PACKAGE_STRING "darwin 2.22"
| #define PACKAGE_BUGREPORT "darwin@eckerd.edu"
| #define PACKAGE_URL ""
| #define PACKAGE "darwin"
| #define VERSION "2.22"
| #define STDC_HEADERS 1
| #define HAVE_SYS_TYPES_H 1
| #define HAVE_SYS_STAT_H 1
| #define HAVE_STDLIB_H 1
| #define HAVE_STRING_H 1
| #define HAVE_MEMORY_H 1
| #define HAVE_STRINGS_H 1
| #define HAVE_INTTYPES_H 1
| #define HAVE_STDINT_H 1
| #define HAVE_UNISTD_H 1
| #define HAVE_ALLOCA_H 1
| #define HAVE_ALLOCA 1
| #define STDC_HEADERS 1
| #define HAVE_FCNTL_H 1
| #define HAVE_FLOAT_H 1
| #define HAVE_INTTYPES_H 1
| #define HAVE_LANGINFO_H 1
| #define HAVE_LIBINTL_H 1
| #define HAVE_LIMITS_H 1
| #define HAVE_LOCALE_H 1
| #define HAVE_STDDEF_H 1
| #define HAVE_STDINT_H 1
| #define HAVE_STDLIB_H 1
| #define HAVE_STRING_H 1
| #define HAVE_STRINGS_H 1
| #define HAVE_SYS_PARAM_H 1
| #define HAVE_UNISTD_H 1
| #define HAVE_WCHAR_H 1
| #define HAVE_WCTYPE_H 1
| #define HAVE__BOOL 1
| #define HAVE_STDBOOL_H 1
| #define TIME_WITH_SYS_TIME 1
| #define HAVE_PTRDIFF_T 1
| #define HAVE_STDLIB_H 1
| #define HAVE_MALLOC 1
| #define HAVE_STDLIB_H 1
| #define HAVE_UNISTD_H 1
| #define HAVE_SYS_PARAM_H 1
| #define HAVE_GETPAGESIZE 1
| #define HAVE_MMAP 1
| #define HAVE_STDLIB_H 1
| #define HAVE_REALLOC 1
| #define HAVE_VPRINTF 1
| /* end confdefs.h.  */
| /* Define __argz_stringify to an innocuous variant, in case <limits.h> declares __argz_stringify.
|    For example, HP-UX 11i <limits.h> declares gettimeofday.  */
| #define __argz_stringify innocuous___argz_stringify
| 
| /* System header to define __stub macros and hopefully few prototypes,
|     which can conflict with char __argz_stringify (); below.
|     Prefer <limits.h> to <assert.h> if __STDC__ is defined, since
|     <limits.h> exists even on freestanding compilers.  */
| 
| #ifdef __STDC__
| # include <limits.h>
| #else
| # include <assert.h>
| #endif
| 
| #undef __argz_stringify
| 
| /* Override any GCC internal prototype to avoid an error.
|    Use char because int might match the return type of a GCC
|    builtin and then its argument prototype would still apply.  */
| #ifdef __cplusplus
| extern "C"
| #endif
| char __argz_stringify ();
| /* The GNU C library defines this for functions which it implements
|     to always fail with ENOSYS.  Some functions are actually named
|     something starting with __ and the normal name is an alias.  */
| #if defined __stub___argz_stringify || defined __stub_____argz_stringify
| choke me
| #endif
| 
| int
| main ()
| {
| return __argz_stringify ();
|   ;
|   return 0;
| }
configure:6572: result: no
configure:6572: checking for floor
configure:6572: /usr/bin/gcc-4.0 -std=gnu99 -o conftest -arch i386 -I/Developer/SDKs/MacOSX10.4u.sdk/usr/include -isysroot /Developer/SDKs/MacOSX10.4u.sdk -mmacosx-version-min=10.4 -I/Users/johnstewman/gtk/inst/include -I/Developer/SDKs/MacOSX10.4u.sdk/usr/include -L/Users/johnstewman/gtk/inst/lib -L/Users/johnstewman/gtk/inst/lib -arch i386 -L/Developer/SDKs/MacOSX10.4u.sdk/usr/lib -isysroot /Developer/SDKs/MacOSX10.4u.sdk -mmacosx-version-min=10.4 -Wl,-headerpad_max_install_names conftest.c  >&5
conftest.c:77: warning: conflicting types for built-in function 'floor'
configure:6572: $? = 0
configure:6572: result: yes
configure:6572: checking for getcwd
configure:6572: /usr/bin/gcc-4.0 -std=gnu99 -o conftest -arch i386 -I/Developer/SDKs/MacOSX10.4u.sdk/usr/include -isysroot /Developer/SDKs/MacOSX10.4u.sdk -mmacosx-version-min=10.4 -I/Users/johnstewman/gtk/inst/include -I/Developer/SDKs/MacOSX10.4u.sdk/usr/include -L/Users/johnstewman/gtk/inst/lib -L/Users/johnstewman/gtk/inst/lib -arch i386 -L/Developer/SDKs/MacOSX10.4u.sdk/usr/lib -isysroot /Developer/SDKs/MacOSX10.4u.sdk -mmacosx-version-min=10.4 -Wl,-headerpad_max_install_names conftest.c  >&5
configure:6572: $? = 0
configure:6572: result: yes
configure:6572: checking for mempcpy
configure:6572: /usr/bin/gcc-4.0 -std=gnu99 -o conftest -arch i386 -I/Developer/SDKs/MacOSX10.4u.sdk/usr/include -isysroot /Developer/SDKs/MacOSX10.4u.sdk -mmacosx-version-min=10.4 -I/Users/johnstewman/gtk/inst/include -I/Developer/SDKs/MacOSX10.4u.sdk/usr/include -L/Users/johnstewman/gtk/inst/lib -L/Users/johnstewman/gtk/inst/lib -arch i386 -L/Developer/SDKs/MacOSX10.4u.sdk/usr/lib -isysroot /Developer/SDKs/MacOSX10.4u.sdk -mmacosx-version-min=10.4 -Wl,-headerpad_max_install_names conftest.c  >&5
conftest.c:79: warning: conflicting types for built-in function 'mempcpy'
Undefined symbols:
  "_mempcpy", referenced from:
      _main in ccN2Mhix.o
ld: symbol(s) not found
collect2: ld returned 1 exit status
configure:6572: $? = 1
configure: failed program was:
| /* confdefs.h */
| #define PACKAGE_NAME "darwin"
| #define PACKAGE_TARNAME "darwin"
| #define PACKAGE_VERSION "2.22"
| #define PACKAGE_STRING "darwin 2.22"
| #define PACKAGE_BUGREPORT "darwin@eckerd.edu"
| #define PACKAGE_URL ""
| #define PACKAGE "darwin"
| #define VERSION "2.22"
| #define STDC_HEADERS 1
| #define HAVE_SYS_TYPES_H 1
| #define HAVE_SYS_STAT_H 1
| #define HAVE_STDLIB_H 1
| #define HAVE_STRING_H 1
| #define HAVE_MEMORY_H 1
| #define HAVE_STRINGS_H 1
| #define HAVE_INTTYPES_H 1
| #define HAVE_STDINT_H 1
| #define HAVE_UNISTD_H 1
| #define HAVE_ALLOCA_H 1
| #define HAVE_ALLOCA 1
| #define STDC_HEADERS 1
| #define HAVE_FCNTL_H 1
| #define HAVE_FLOAT_H 1
| #define HAVE_INTTYPES_H 1
| #define HAVE_LANGINFO_H 1
| #define HAVE_LIBINTL_H 1
| #define HAVE_LIMITS_H 1
| #define HAVE_LOCALE_H 1
| #define HAVE_STDDEF_H 1
| #define HAVE_STDINT_H 1
| #define HAVE_STDLIB_H 1
| #define HAVE_STRING_H 1
| #define HAVE_STRINGS_H 1
| #define HAVE_SYS_PARAM_H 1
| #define HAVE_UNISTD_H 1
| #define HAVE_WCHAR_H 1
| #define HAVE_WCTYPE_H 1
| #define HAVE__BOOL 1
| #define HAVE_STDBOOL_H 1
| #define TIME_WITH_SYS_TIME 1
| #define HAVE_PTRDIFF_T 1
| #define HAVE_STDLIB_H 1
| #define HAVE_MALLOC 1
| #define HAVE_STDLIB_H 1
| #define HAVE_UNISTD_H 1
| #define HAVE_SYS_PARAM_H 1
| #define HAVE_GETPAGESIZE 1
| #define HAVE_MMAP 1
| #define HAVE_STDLIB_H 1
| #define HAVE_REALLOC 1
| #define HAVE_VPRINTF 1
| #define HAVE_FLOOR 1
| #define HAVE_GETCWD 1
| /* end confdefs.h.  */
| /* Define mempcpy to an innocuous variant, in case <limits.h> declares mempcpy.
|    For example, HP-UX 11i <limits.h> declares gettimeofday.  */
| #define mempcpy innocuous_mempcpy
| 
| /* System header to define __stub macros and hopefully few prototypes,
|     which can conflict with char mempcpy (); below.
|     Prefer <limits.h> to <assert.h> if __STDC__ is defined, since
|     <limits.h> exists even on freestanding compilers.  */
| 
| #ifdef __STDC__
| # include <limits.h>
| #else
| # include <assert.h>
| #endif
| 
| #undef mempcpy
| 
| /* Override any GCC internal prototype to avoid an error.
|    Use char because int might match the return type of a GCC
|    builtin and then its argument prototype would still apply.  */
| #ifdef __cplusplus
| extern "C"
| #endif
| char mempcpy ();
| /* The GNU C library defines this for functions which it implements
|     to always fail with ENOSYS.  Some functions are actually named
|     something starting with __ and the normal name is an alias.  */
| #if defined __stub_mempcpy || defined __stub___mempcpy
| choke me
| #endif
| 
| int
| main ()
| {
| return mempcpy ();
|   ;
|   return 0;
| }
configure:6572: result: no
configure:6572: checking for memset
configure:6572: /usr/bin/gcc-4.0 -std=gnu99 -o conftest -arch i386 -I/Developer/SDKs/MacOSX10.4u.sdk/usr/include -isysroot /Developer/SDKs/MacOSX10.4u.sdk -mmacosx-version-min=10.4 -I/Users/johnstewman/gtk/inst/include -I/Developer/SDKs/MacOSX10.4u.sdk/usr/include -L/Users/johnstewman/gtk/inst/lib -L/Users/johnstewman/gtk/inst/lib -arch i386 -L/Developer/SDKs/MacOSX10.4u.sdk/usr/lib -isysroot /Developer/SDKs/MacOSX10.4u.sdk -mmacosx-version-min=10.4 -Wl,-headerpad_max_install_names conftest.c  >&5
conftest.c:79: warning: conflicting types for built-in function 'memset'
configure:6572: $? = 0
configure:6572: result: yes
configure:6572: checking for munmap
configure:6572: /usr/bin/gcc-4.0 -std=gnu99 -o conftest -arch i386 -I/Developer/SDKs/MacOSX10.4u.sdk/usr/include -isysroot /Developer/SDKs/MacOSX10.4u.sdk -mmacosx-version-min=10.4 -I/Users/johnstewman/gtk/inst/include -I/Developer/SDKs/MacOSX10.4u.sdk/usr/include -L/Users/johnstewman/gtk/inst/lib -L/Users/johnstewman/gtk/inst/lib -arch i386 -L/Developer/SDKs/MacOSX10.4u.sdk/usr/lib -isysroot /Developer/SDKs/MacOSX10.4u.sdk -mmacosx-version-min=10.4 -Wl,-headerpad_max_install_names conftest.c  >&5
configure:6572: $? = 0
configure:6572: result: yes
configure:6572: checking for nl_langinfo
configure:6572: /usr/bin/gcc-4.0 -std=gnu99 -o conftest -arch i386 -I/Developer/SDKs/MacOSX10.4u.sdk/usr/include -isysroot /Developer/SDKs/MacOSX10.4u.sdk -mmacosx-version-min=10.4 -I/Users/johnstewman/gtk/inst/include -I/Developer/SDKs/MacOSX10.4u.sdk/usr/include -L/Users/johnstewman/gtk/inst/lib -L/Users/johnstewman/gtk/inst/lib -arch i386 -L/Developer/SDKs/MacOSX10.4u.sdk/usr/lib -isysroot /Developer/SDKs/MacOSX10.4u.sdk -mmacosx-version-min=10.4 -Wl,-headerpad_max_install_names conftest.c  >&5
configure:6572: $? = 0
configure:6572: result: yes
configure:6572: checking for pow
configure:6572: /usr/bin/gcc-4.0 -std=gnu99 -o conftest -arch i386 -I/Developer/SDKs/MacOSX10.4u.sdk/usr/include -isysroot /Developer/SDKs/MacOSX10.4u.sdk -mmacosx-version-min=10.4 -I/Users/johnstewman/gtk/inst/include -I/Developer/SDKs/MacOSX10.4u.sdk/usr/include -L/Users/johnstewman/gtk/inst/lib -L/Users/johnstewman/gtk/inst/lib -arch i386 -L/Developer/SDKs/MacOSX10.4u.sdk/usr/lib -isysroot /Developer/SDKs/MacOSX10.4u.sdk -mmacosx-version-min=10.4 -Wl,-headerpad_max_install_names conftest.c  >&5
conftest.c:82: warning: conflicting types for built-in function 'pow'
configure:6572: $? = 0
configure:6572: result: yes
configure:6572: checking for setlocale
configure:6572: /usr/bin/gcc-4.0 -std=gnu99 -o conftest -arch i386 -I/Developer/SDKs/MacOSX10.4u.sdk/usr/include -isysroot /Developer/SDKs/MacOSX10.4u.sdk -mmacosx-version-min=10.4 -I/Users/johnstewman/gtk/inst/include -I/Developer/SDKs/MacOSX10.4u.sdk/usr/include -L/Users/johnstewman/gtk/inst/lib -L/Users/johnstewman/gtk/inst/lib -arch i386 -L/Developer/SDKs/MacOSX10.4u.sdk/usr/lib -isysroot /Developer/SDKs/MacOSX10.4u.sdk -mmacosx-version-min=10.4 -Wl,-headerpad_max_install_names conftest.c  >&5
configure:6572: $? = 0
configure:6572: result: yes
configure:6572: checking for sqrt
configure:6572: /usr/bin/gcc-4.0 -std=gnu99 -o conftest -arch i386 -I/Developer/SDKs/MacOSX10.4u.sdk/usr/include -isysroot /Developer/SDKs/MacOSX10.4u.sdk -mmacosx-version-min=10.4 -I/Users/johnstewman/gtk/inst/include -I/Developer/SDKs/MacOSX10.4u.sdk/usr/include -L/Users/johnstewman/gtk/inst/lib -L/Users/johnstewman/gtk/inst/lib -arch i386 -L/Developer/SDKs/MacOSX10.4u.sdk/usr/lib -isysroot /Developer/SDKs/MacOSX10.4u.sdk -mmacosx-version-min=10.4 -Wl,-headerpad_max_install_names conftest.c  >&5
conftest.c:84: warning: conflicting types for built-in function 'sqrt'
configure:6572: $? = 0
configure:6572: result: yes
configure:6572: checking for stpcpy
configure:6572: /usr/bin/gcc-4.0 -std=gnu99 -o conftest -arch i386 -I/Developer/SDKs/MacOSX10.4u.sdk/usr/include -isysroot /Developer/SDKs/MacOSX10.4u.sdk -mmacosx-version-min=10.4 -I/Users/johnstewman/gtk/inst/include -I/Developer/SDKs/MacOSX10.4u.sdk/usr/include -L/Users/johnstewman/gtk/inst/lib -L/Users/johnstewman/gtk/inst/lib -arch i386 -L/Developer/SDKs/MacOSX10.4u.sdk/usr/lib -isysroot /Developer/SDKs/MacOSX10.4u.sdk -mmacosx-version-min=10.4 -Wl,-headerpad_max_install_names conftest.c  >&5
conftest.c:85: warning: conflicting types for built-in function 'stpcpy'
configure:6572: $? = 0
configure:6572: result: yes
configure:6572: checking for strcasecmp
configure:6572: /usr/bin/gcc-4.0 -std=gnu99 -o conftest -arch i386 -I/Developer/SDKs/MacOSX10.4u.sdk/usr/include -isysroot /Developer/SDKs/MacOSX10.4u.sdk -mmacosx-version-min=10.4 -I/Users/johnstewman/gtk/inst/include -I/Developer/SDKs/MacOSX10.4u.sdk/usr/include -L/Users/johnstewman/gtk/inst/lib -L/Users/johnstewman/gtk/inst/lib -arch i386 -L/Developer/SDKs/MacOSX10.4u.sdk/usr/lib -isysroot /Developer/SDKs/MacOSX10.4u.sdk -mmacosx-version-min=10.4 -Wl,-headerpad_max_install_names conftest.c  >&5
configure:6572: $? = 0
configure:6572: result: yes
configure:6572: checking for strchr
configure:6572: /usr/bin/gcc-4.0 -std=gnu99 -o conftest -arch i386 -I/Developer/SDKs/MacOSX10.4u.sdk/usr/include -isysroot /Developer/SDKs/MacOSX10.4u.sdk -mmacosx-version-min=10.4 -I/Users/johnstewman/gtk/inst/include -I/Developer/SDKs/MacOSX10.4u.sdk/usr/include -L/Users/johnstewman/gtk/inst/lib -L/Users/johnstewman/gtk/inst/lib -arch i386 -L/Developer/SDKs/MacOSX10.4u.sdk/usr/lib -isysroot /Developer/SDKs/MacOSX10.4u.sdk -mmacosx-version-min=10.4 -Wl,-headerpad_max_install_names conftest.c  >&5
conftest.c:87: warning: conflicting types for built-in function 'strchr'
configure:6572: $? = 0
configure:6572: result: yes
configure:6572: checking for strcspn
configure:6572: /usr/bin/gcc-4.0 -std=gnu99 -o conftest -arch i386 -I/Developer/SDKs/MacOSX10.4u.sdk/usr/include -isysroot /Developer/SDKs/MacOSX10.4u.sdk -mmacosx-version-min=10.4 -I/Users/johnstewman/gtk/inst/include -I/Developer/SDKs/MacOSX10.4u.sdk/usr/include -L/Users/johnstewman/gtk/inst/lib -L/Users/johnstewman/gtk/inst/lib -arch i386 -L/Developer/SDKs/MacOSX10.4u.sdk/usr/lib -isysroot /Developer/SDKs/MacOSX10.4u.sdk -mmacosx-version-min=10.4 -Wl,-headerpad_max_install_names conftest.c  >&5
conftest.c:88: warning: conflicting types for built-in function 'strcspn'
configure:6572: $? = 0
configure:6572: result: yes
configure:6572: checking for strdup
configure:6572: /usr/bin/gcc-4.0 -std=gnu99 -o conftest -arch i386 -I/Developer/SDKs/MacOSX10.4u.sdk/usr/include -isysroot /Developer/SDKs/MacOSX10.4u.sdk -mmacosx-version-min=10.4 -I/Users/johnstewman/gtk/inst/include -I/Developer/SDKs/MacOSX10.4u.sdk/usr/include -L/Users/johnstewman/gtk/inst/lib -L/Users/johnstewman/gtk/inst/lib -arch i386 -L/Developer/SDKs/MacOSX10.4u.sdk/usr/lib -isysroot /Developer/SDKs/MacOSX10.4u.sdk -mmacosx-version-min=10.4 -Wl,-headerpad_max_install_names conftest.c  >&5
conftest.c:89: warning: conflicting types for built-in function 'strdup'
configure:6572: $? = 0
configure:6572: result: yes
configure:6572: checking for strrchr
configure:6572: /usr/bin/gcc-4.0 -std=gnu99 -o conftest -arch i386 -I/Developer/SDKs/MacOSX10.4u.sdk/usr/include -isysroot /Developer/SDKs/MacOSX10.4u.sdk -mmacosx-version-min=10.4 -I/Users/johnstewman/gtk/inst/include -I/Developer/SDKs/MacOSX10.4u.sdk/usr/include -L/Users/johnstewman/gtk/inst/lib -L/Users/johnstewman/gtk/inst/lib -arch i386 -L/Developer/SDKs/MacOSX10.4u.sdk/usr/lib -isysroot /Developer/SDKs/MacOSX10.4u.sdk -mmacosx-version-min=10.4 -Wl,-headerpad_max_install_names conftest.c  >&5
conftest.c:90: warning: conflicting types for built-in function 'strrchr'
configure:6572: $? = 0
configure:6572: result: yes
configure:6572: checking for strstr
configure:6572: /usr/bin/gcc-4.0 -std=gnu99 -o conftest -arch i386 -I/Developer/SDKs/MacOSX10.4u.sdk/usr/include -isysroot /Developer/SDKs/MacOSX10.4u.sdk -mmacosx-version-min=10.4 -I/Users/johnstewman/gtk/inst/include -I/Developer/SDKs/MacOSX10.4u.sdk/usr/include -L/Users/johnstewman/gtk/inst/lib -L/Users/johnstewman/gtk/inst/lib -arch i386 -L/Developer/SDKs/MacOSX10.4u.sdk/usr/lib -isysroot /Developer/SDKs/MacOSX10.4u.sdk -mmacosx-version-min=10.4 -Wl,-headerpad_max_install_names conftest.c  >&5
conftest.c:91: warning: conflicting types for built-in function 'strstr'
configure:6572: $? = 0
configure:6572: result: yes
configure:6572: checking for strtoul
configure:6572: /usr/bin/gcc-4.0 -std=gnu99 -o conftest -arch i386 -I/Developer/SDKs/MacOSX10.4u.sdk/usr/include -isysroot /Developer/SDKs/MacOSX10.4u.sdk -mmacosx-version-min=10.4 -I/Users/johnstewman/gtk/inst/include -I/Developer/SDKs/MacOSX10.4u.sdk/usr/include -L/Users/johnstewman/gtk/inst/lib -L/Users/johnstewman/gtk/inst/lib -arch i386 -L/Developer/SDKs/MacOSX10.4u.sdk/usr/lib -isysroot /Developer/SDKs/MacOSX10.4u.sdk -mmacosx-version-min=10.4 -Wl,-headerpad_max_install_names conftest.c  >&5
configure:6572: $? = 0
configure:6572: result: yes
configure:6775: creating ./config.status

## ---------------------- ##
## Running config.status. ##
## ---------------------- ##

This file was extended by darwin config.status 2.22, which was
generated by GNU Autoconf 2.68.  Invocation command line was

  CONFIG_FILES    = 
  CONFIG_HEADERS  = 
  CONFIG_LINKS    = 
  CONFIG_COMMANDS = 
  $ ./config.status 

on John-Stewmans-MacBook-Pro-2.local

config.status:937: creating src/image_processing/Makefile
config.status:937: creating src/interface/Makefile
config.status:937: creating src/matching/Makefile
config.status:937: creating src/math/Makefile
config.status:937: creating src/wavelet/Makefile
config.status:937: creating src/Makefile
config.status:937: creating png/Makefile
config.status:937: creating Makefile
config.status:937: creating config.h
config.status:1166: executing depfiles commands

## ---------------- ##
## Cache variables. ##
## ---------------- ##

ac_cv_c_compiler_gnu=yes
ac_cv_c_const=yes
ac_cv_c_inline=inline
ac_cv_c_volatile=yes
ac_cv_cxx_compiler_gnu=yes
ac_cv_env_CCC_set=
ac_cv_env_CCC_value=
ac_cv_env_CC_set=set
ac_cv_env_CC_value=/usr/bin/gcc-4.0
ac_cv_env_CFLAGS_set=set
ac_cv_env_CFLAGS_value='-arch i386 -I/Developer/SDKs/MacOSX10.4u.sdk/usr/include -isysroot /Developer/SDKs/MacOSX10.4u.sdk -mmacosx-version-min=10.4'
ac_cv_env_CPPFLAGS_set=set
ac_cv_env_CPPFLAGS_value='-I/Users/johnstewman/gtk/inst/include -I/Developer/SDKs/MacOSX10.4u.sdk/usr/include'
ac_cv_env_CPP_set=
ac_cv_env_CPP_value=
ac_cv_env_CXXFLAGS_set=set
ac_cv_env_CXXFLAGS_value='-arch i386 -I/Developer/SDKs/MacOSX10.4u.sdk/usr/include -isysroot /Developer/SDKs/MacOSX10.4u.sdk -mmacosx-version-min=10.4'
ac_cv_env_CXX_set=set
ac_cv_env_CXX_value=/usr/bin/g++-4.0
ac_cv_env_LDFLAGS_set=set
ac_cv_env_LDFLAGS_value='-L/Users/johnstewman/gtk/inst/lib -L/Users/johnstewman/gtk/inst/lib -arch i386 -L/Developer/SDKs/MacOSX10.4u.sdk/usr/lib -isysroot /Developer/SDKs/MacOSX10.4u.sdk -mmacosx-version-min=10.4 -Wl,-headerpad_max_install_names'
ac_cv_env_LIBS_set=
ac_cv_env_LIBS_value=
ac_cv_env_build_alias_set=
ac_cv_env_build_alias_value=
ac_cv_env_host_alias_set=
ac_cv_env_host_alias_value=
ac_cv_env_target_alias_set=
ac_cv_env_target_alias_value=
ac_cv_func___argz_count=no
ac_cv_func___argz_next=no
ac_cv_func___argz_stringify=no
ac_cv_func__doprnt=no
ac_cv_func_alloca_works=yes
ac_cv_func_floor=yes
ac_cv_func_getcwd=yes
ac_cv_func_getpagesize=yes
ac_cv_func_lstat_dereferences_slashed_symlink=no
ac_cv_func_malloc_0_nonnull=yes
ac_cv_func_mempcpy=no
ac_cv_func_memset=yes
ac_cv_func_mmap_fixed_mapped=yes
ac_cv_func_munmap=yes
ac_cv_func_nl_langinfo=yes
ac_cv_func_pow=yes
ac_cv_func_realloc_0_nonnull=yes
ac_cv_func_setlocale=yes
ac_cv_func_sqrt=yes
ac_cv_func_stat_empty_string_bug=no
ac_cv_func_stpcpy=yes
ac_cv_func_strcasecmp=yes
ac_cv_func_strchr=yes
ac_cv_func_strcspn=yes
ac_cv_func_strdup=yes
ac_cv_func_strrchr=yes
ac_cv_func_strstr=yes
ac_cv_func_strtoul=yes
ac_cv_func_vprintf=yes
ac_cv_header_argz_h=no
ac_cv_header_fcntl_h=yes
ac_cv_header_float_h=yes
ac_cv_header_inttypes_h=yes
ac_cv_header_langinfo_h=yes
ac_cv_header_libintl_h=yes
ac_cv_header_limits_h=yes
ac_cv_header_locale_h=yes
ac_cv_header_malloc_h=no
ac_cv_header_memory_h=yes
ac_cv_header_stdbool_h=yes
ac_cv_header_stdc=yes
ac_cv_header_stddef_h=yes
ac_cv_header_stdint_h=yes
ac_cv_header_stdio_ext_h=no
ac_cv_header_stdlib_h=yes
ac_cv_header_string_h=yes
ac_cv_header_strings_h=yes
ac_cv_header_sys_param_h=yes
ac_cv_header_sys_stat_h=yes
ac_cv_header_sys_types_h=yes
ac_cv_header_time=yes
ac_cv_header_unistd_h=yes
ac_cv_header_wchar_h=yes
ac_cv_header_wctype_h=yes
ac_cv_lib_Interface_AboutDialog__AboutDialog=no
ac_cv_lib_Matching_Match__Match=no
ac_cv_lib_PNGsupport_PngLoadImage=no
ac_cv_lib_WLC_WL_SetErrorMsg=no
ac_cv_lib_image_processing_convColorToPixmapString=no
ac_cv_lib_math_gaussj=no
ac_cv_objext=o
ac_cv_path_EGREP='/usr/bin/grep -E'
ac_cv_path_GREP=/usr/bin/grep
ac_cv_path_PKG_CONFIG=/Users/johnstewman/gtk/inst/bin/pkg-config
ac_cv_prog_AWK=awk
ac_cv_prog_CPP='/usr/bin/gcc-4.0 -std=gnu99 -E'
ac_cv_prog_ac_ct_CC=/usr/bin/gcc-4.0
ac_cv_prog_ac_ct_RANLIB=ranlib
ac_cv_prog_cc_c89=
ac_cv_prog_cc_c99=-std=gnu99
ac_cv_prog_cc_g=yes
ac_cv_prog_cc_stdc=-std=gnu99
ac_cv_prog_cxx_g=yes
ac_cv_prog_make_make_set=yes
ac_cv_struct_tm=time.h
ac_cv_type__Bool=yes
ac_cv_type_pid_t=yes
ac_cv_type_ptrdiff_t=yes
ac_cv_type_size_t=yes
ac_cv_working_alloca_h=yes
am_cv_CC_dependencies_compiler_type=gcc3
am_cv_CXX_dependencies_compiler_type=gcc3

## ----------------- ##
## Output variables. ##
## ----------------- ##

ACLOCAL='${SHELL} /Users/johnstewman/Documents/darwinDev2/darwin-ec/darwin/missing --run aclocal-1.11'
ALLOCA=''
AMDEPBACKSLASH='\'
AMDEP_FALSE='#'
AMDEP_TRUE=''
AMTAR='${SHELL} /Users/johnstewman/Documents/darwinDev2/darwin-ec/darwin/missing --run tar'
AUTOCONF='${SHELL} /Users/johnstewman/Documents/darwinDev2/darwin-ec/darwin/missing --run autoconf'
AUTOHEADER='${SHELL} /Users/johnstewman/Documents/darwinDev2/darwin-ec/darwin/missing --run autoheader'
AUTOMAKE='${SHELL} /Users/johnstewman/Documents/darwinDev2/darwin-ec/darwin/missing --run automake-1.11'
AWK='awk'
CC='/usr/bin/gcc-4.0 -std=gnu99'
CCDEPMODE='depmode=gcc3'
CFLAGS='-arch i386 -I/Developer/SDKs/MacOSX10.4u.sdk/usr/include -isysroot /Developer/SDKs/MacOSX10.4u.sdk -mmacosx-version-min=10.4'
CPP='/usr/bin/gcc-4.0 -std=gnu99 -E'
CPPFLAGS='-I/Users/johnstewman/gtk/inst/include -I/Developer/SDKs/MacOSX10.4u.sdk/usr/include'
CXX='/usr/bin/g++-4.0'
CXXDEPMODE='depmode=gcc3'
CXXFLAGS='-arch i386 -I/Developer/SDKs/MacOSX10.4u.sdk/usr/include -isysroot /Developer/SDKs/MacOSX10.4u.sdk -mmacosx-version-min=10.4'
CYGPATH_W='echo'
DEFS='-DHAVE_CONFIG_H'
DEPDIR='.deps'
ECHO_C='\c'
ECHO_N=''
ECHO_T=''
EGREP='/usr/bin/grep -E'
EXEEXT=''
GREP='/usr/bin/grep'
GTK_CFLAGS='-D_REENTRANT -I/Users/johnstewman/gtk/inst/include/gtk-2.0 -I/Users/johnstewman/gtk/inst/lib/gtk-2.0/include -I/Users/johnstewman/gtk/inst/include/atk-1.0 -I/Users/johnstewman/gtk/inst/include/cairo -I/Users/johnstewman/gtk/inst/include/gdk-pixbuf-2.0 -I/Users/johnstewman/gtk/inst/include/pango-1.0 -I/Users/johnstewman/gtk/inst/include/glib-2.0 -I/Users/johnstewman/gtk/inst/lib/glib-2.0/include -I/Users/johnstewman/gtk/inst/include/pixman-1 -I/Users/johnstewman/gtk/inst/include/freetype2 -I/Users/johnstewman/gtk/inst/include/libpng14  '
GTK_LIBS='-L/Users/johnstewman/gtk/inst/lib -lgtk-quartz-2.0 -lgdk-quartz-2.0 -latk-1.0 -lgio-2.0 -lpangocairo-1.0 -lgdk_pixbuf-2.0 -lm -lpango-1.0 -lcairo -lgobject-2.0 -lgmodule-2.0 -lgthread-2.0 -lglib-2.0 -lintl  '
INSTALL_DATA='${INSTALL} -m 644'
INSTALL_PROGRAM='${INSTALL}'
INSTALL_SCRIPT='${INSTALL}'
INSTALL_STRIP_PROGRAM='$(install_sh) -c -s'
LDFLAGS='-L/Users/johnstewman/gtk/inst/lib -L/Users/johnstewman/gtk/inst/lib -arch i386 -L/Developer/SDKs/MacOSX10.4u.sdk/usr/lib -isysroot /Developer/SDKs/MacOSX10.4u.sdk -mmacosx-version-min=10.4 -Wl,-headerpad_max_install_names'
LIBOBJS=' ${LIBOBJDIR}lstat$U.o'
LIBS=''
LTLIBOBJS=' ${LIBOBJDIR}lstat$U.lo'
MAKEINFO='${SHELL} /Users/johnstewman/Documents/darwinDev2/darwin-ec/darwin/missing --run makeinfo'
MKDIR_P='./install-sh -c -d'
OBJEXT='o'
PACKAGE='darwin'
PACKAGE_BUGREPORT='darwin@eckerd.edu'
PACKAGE_NAME='darwin'
PACKAGE_STRING='darwin 2.22'
PACKAGE_TARNAME='darwin'
PACKAGE_URL=''
PACKAGE_VERSION='2.22'
PATH_SEPARATOR=':'
PKG_CONFIG='/Users/johnstewman/gtk/inst/bin/pkg-config'
RANLIB='ranlib'
SET_MAKE=''
SHELL='/bin/sh'
STRIP=''
VERSION='2.22'
ac_ct_CC='/usr/bin/gcc-4.0'
ac_ct_CXX=''
am__EXEEXT_FALSE=''
am__EXEEXT_TRUE='#'
am__fastdepCC_FALSE='#'
am__fastdepCC_TRUE=''
am__fastdepCXX_FALSE='#'
am__fastdepCXX_TRUE=''
am__include='include'
am__isrc=''
am__leading_dot='.'
am__quote=''
am__tar='${AMTAR} chof - "$$tardir"'
am__untar='${AMTAR} xf -'
bindir='${exec_prefix}/bin'
build_alias=''
datadir='${datarootdir}'
datarootdir='${prefix}/share'
docdir='${datarootdir}/doc/${PACKAGE_TARNAME}'
dvidir='${docdir}'
exec_prefix='${prefix}'
host_alias=''
htmldir='${docdir}'
includedir='${prefix}/include'
infodir='${datarootdir}/info'
install_sh='${SHELL} /Users/johnstewman/Documents/darwinDev2/darwin-ec/darwin/install-sh'
libdir='${exec_prefix}/lib'
libexecdir='${exec_prefix}/libexec'
localedir='${datarootdir}/locale'
localstatedir='${prefix}/var'
mandir='${datarootdir}/man'
mkdir_p='$(top_builddir)/./install-sh -c -d'
oldincludedir='/usr/include'
pdfdir='${docdir}'
prefix='/usr/local'
program_transform_name='s,x,x,'
psdir='${docdir}'
sbindir='${exec_prefix}/sbin'
sharedstatedir='${prefix}/com'
sysconfdir='${prefix}/etc'
target_alias=''

## ----------- ##
## confdefs.h. ##
## ----------- ##

/* confdefs.h */
#define PACKAGE_NAME "darwin"
#define PACKAGE_TARNAME "darwin"
#define PACKAGE_VERSION "2.22"
#define PACKAGE_STRING "darwin 2.22"
#define PACKAGE_BUGREPORT "darwin@eckerd.edu"
#define PACKAGE_URL ""
#define PACKAGE "darwin"
#define VERSION "2.22"
#define STDC_HEADERS 1
#define HAVE_SYS_TYPES_H 1
#define HAVE_SYS_STAT_H 1
#define HAVE_STDLIB_H 1
#define HAVE_STRING_H 1
#define HAVE_MEMORY_H 1
#define HAVE_STRINGS_H 1
#define HAVE_INTTYPES_H 1
#define HAVE_STDINT_H 1
#define HAVE_UNISTD_H 1
#define HAVE_ALLOCA_H 1
#define HAVE_ALLOCA 1
#define STDC_HEADERS 1
#define HAVE_FCNTL_H 1
#define HAVE_FLOAT_H 1
#define HAVE_INTTYPES_H 1
#define HAVE_LANGINFO_H 1
#define HAVE_LIBINTL_H 1
#define HAVE_LIMITS_H 1
#define HAVE_LOCALE_H 1
#define HAVE_STDDEF_H 1
#define HAVE_STDINT_H 1
#define HAVE_STDLIB_H 1
#define HAVE_STRING_H 1
#define HAVE_STRINGS_H 1
#define HAVE_SYS_PARAM_H 1
#define HAVE_UNISTD_H 1
#define HAVE_WCHAR_H 1
#define HAVE_WCTYPE_H 1
#define HAVE__BOOL 1
#define HAVE_STDBOOL_H 1
#define TIME_WITH_SYS_TIME 1
#define HAVE_PTRDIFF_T 1
#define HAVE_STDLIB_H 1
#define HAVE_MALLOC 1
#define HAVE_STDLIB_H 1
#define HAVE_UNISTD_H 1
#define HAVE_SYS_PARAM_H 1
#define HAVE_GETPAGESIZE 1
#define HAVE_MMAP 1
#define HAVE_STDLIB_H 1
#define HAVE_REALLOC 1
#define HAVE_VPRINTF 1
#define HAVE_FLOOR 1
#define HAVE_GETCWD 1
#define HAVE_MEMSET 1
#define HAVE_MUNMAP 1
#define HAVE_NL_LANGINFO 1
#define HAVE_POW 1
#define HAVE_SETLOCALE 1
#define HAVE_SQRT 1
#define HAVE_STPCPY 1
#define HAVE_STRCASECMP 1
#define HAVE_STRCHR 1
#define HAVE_STRCSPN 1
#define HAVE_STRDUP 1
#define HAVE_STRRCHR 1
#define HAVE_STRSTR 1
#define HAVE_STRTOUL 1
#define PACKAGE_DATA_DIR "${datarootdir}/darwin"
#define PACKAGE_SOURCE_DIR "/Users/johnstewman/Documents/darwinDev2/darwin-ec/darwin"
#define CURRENT_DBVERSION 3
#define DATADIR ${datarootdir}
#define PREFIX NONE
#define AC_DEFAULT_PREFIX /usr/local

configure: exit 0

## ---------------------- ##
## Running config.status. ##
## ---------------------- ##

This file was extended by darwin config.status 2.22, which was
generated by GNU Autoconf 2.68.  Invocation command line was

  CONFIG_FILES    = 
  CONFIG_HEADERS  = 
  CONFIG_LINKS    = 
  CONFIG_COMMANDS = 
  $ ./config.status config.h

on John-Stewmans-MacBook-Pro-2.local

config.status:937: creating config.h
config.status:1118: config.h is unchanged
